cc1plus: warning: command line option ‘-std=gnu99’ is valid for C/ObjC but not for C++
In file included from /home/runner/work/_temp/Library/BH/include/boost/smart_ptr/shared_ptr.hpp:28:0,
                 from /home/runner/work/_temp/Library/BH/include/boost/shared_ptr.hpp:17,
                 from timestamp.h:4,
                 from timestamp_unix.cpp:4:
/home/runner/work/_temp/Library/BH/include/boost/smart_ptr/detail/shared_count.hpp:356:33: warning: ‘template<class> class std::auto_ptr’ is deprecated [-Wdeprecated-declarations]
     explicit shared_count( std::auto_ptr<Y> & r ): pi_( new sp_counted_impl_p<Y>( r.get() ) )
                                 ^~~~~~~~
In file included from /usr/include/c++/7/memory:80:0,
                 from /home/runner/work/_temp/Library/BH/include/boost/config/no_tr1/memory.hpp:21,
                 from /home/runner/work/_temp/Library/BH/include/boost/smart_ptr/shared_ptr.hpp:23,
                 from /home/runner/work/_temp/Library/BH/include/boost/shared_ptr.hpp:17,
                 from timestamp.h:4,
                 from timestamp_unix.cpp:4:
/usr/include/c++/7/bits/unique_ptr.h:51:28: note: declared here
   template<typename> class auto_ptr;
                            ^~~~~~~~
In file included from /home/runner/work/_temp/Library/BH/include/boost/shared_ptr.hpp:17:0,
                 from timestamp.h:4,
                 from timestamp_unix.cpp:4:
/home/runner/work/_temp/Library/BH/include/boost/smart_ptr/shared_ptr.hpp:256:65: warning: ‘template<class> class std::auto_ptr’ is deprecated [-Wdeprecated-declarations]
 template< class T, class R > struct sp_enable_if_auto_ptr< std::auto_ptr< T >, R >
                                                                 ^~~~~~~~
In file included from /usr/include/c++/7/memory:80:0,
                 from /home/runner/work/_temp/Library/BH/include/boost/config/no_tr1/memory.hpp:21,
                 from /home/runner/work/_temp/Library/BH/include/boost/smart_ptr/shared_ptr.hpp:23,
                 from /home/runner/work/_temp/Library/BH/include/boost/shared_ptr.hpp:17,
                 from timestamp.h:4,
                 from timestamp_unix.cpp:4:
/usr/include/c++/7/bits/unique_ptr.h:51:28: note: declared here
   template<typename> class auto_ptr;
                            ^~~~~~~~
In file included from /home/runner/work/_temp/Library/BH/include/boost/shared_ptr.hpp:17:0,
                 from timestamp.h:4,
                 from timestamp_unix.cpp:4:
/home/runner/work/_temp/Library/BH/include/boost/smart_ptr/shared_ptr.hpp:471:31: warning: ‘template<class> class std::auto_ptr’ is deprecated [-Wdeprecated-declarations]
     explicit shared_ptr( std::auto_ptr<Y> & r ): px(r.get()), pn()
                               ^~~~~~~~
In file included from /usr/include/c++/7/memory:80:0,
                 from /home/runner/work/_temp/Library/BH/include/boost/config/no_tr1/memory.hpp:21,
                 from /home/runner/work/_temp/Library/BH/include/boost/smart_ptr/shared_ptr.hpp:23,
                 from /home/runner/work/_temp/Library/BH/include/boost/shared_ptr.hpp:17,
                 from timestamp.h:4,
                 from timestamp_unix.cpp:4:
/usr/include/c++/7/bits/unique_ptr.h:51:28: note: declared here
   template<typename> class auto_ptr;
                            ^~~~~~~~
In file included from /home/runner/work/_temp/Library/BH/include/boost/shared_ptr.hpp:17:0,
                 from timestamp.h:4,
                 from timestamp_unix.cpp:4:
/home/runner/work/_temp/Library/BH/include/boost/smart_ptr/shared_ptr.hpp:484:22: warning: ‘template<class> class std::auto_ptr’ is deprecated [-Wdeprecated-declarations]
     shared_ptr( std::auto_ptr<Y> && r ): px(r.get()), pn()
                      ^~~~~~~~
In file included from /usr/include/c++/7/memory:80:0,
                 from /home/runner/work/_temp/Library/BH/include/boost/config/no_tr1/memory.hpp:21,
                 from /home/runner/work/_temp/Library/BH/include/boost/smart_ptr/shared_ptr.hpp:23,
                 from /home/runner/work/_temp/Library/BH/include/boost/shared_ptr.hpp:17,
                 from timestamp.h:4,
                 from timestamp_unix.cpp:4:
/usr/include/c++/7/bits/unique_ptr.h:51:28: note: declared here
   template<typename> class auto_ptr;
                            ^~~~~~~~
In file included from /home/runner/work/_temp/Library/BH/include/boost/shared_ptr.hpp:17:0,
                 from timestamp.h:4,
                 from timestamp_unix.cpp:4:
/home/runner/work/_temp/Library/BH/include/boost/smart_ptr/shared_ptr.hpp:567:34: warning: ‘template<class> class std::auto_ptr’ is deprecated [-Wdeprecated-declarations]
     shared_ptr & operator=( std::auto_ptr<Y> & r )
                                  ^~~~~~~~
In file included from /usr/include/c++/7/memory:80:0,
                 from /home/runner/work/_temp/Library/BH/include/boost/config/no_tr1/memory.hpp:21,
                 from /home/runner/work/_temp/Library/BH/include/boost/smart_ptr/shared_ptr.hpp:23,
                 from /home/runner/work/_temp/Library/BH/include/boost/shared_ptr.hpp:17,
                 from timestamp.h:4,
                 from timestamp_unix.cpp:4:
/usr/include/c++/7/bits/unique_ptr.h:51:28: note: declared here
   template<typename> class auto_ptr;
                            ^~~~~~~~
In file included from /home/runner/work/_temp/Library/BH/include/boost/shared_ptr.hpp:17:0,
                 from timestamp.h:4,
                 from timestamp_unix.cpp:4:
/home/runner/work/_temp/Library/BH/include/boost/smart_ptr/shared_ptr.hpp:576:34: warning: ‘template<class> class std::auto_ptr’ is deprecated [-Wdeprecated-declarations]
     shared_ptr & operator=( std::auto_ptr<Y> && r )
                                  ^~~~~~~~
In file included from /usr/include/c++/7/memory:80:0,
                 from /home/runner/work/_temp/Library/BH/include/boost/config/no_tr1/memory.hpp:21,
                 from /home/runner/work/_temp/Library/BH/include/boost/smart_ptr/shared_ptr.hpp:23,
                 from /home/runner/work/_temp/Library/BH/include/boost/shared_ptr.hpp:17,
                 from timestamp.h:4,
                 from timestamp_unix.cpp:4:
/usr/include/c++/7/bits/unique_ptr.h:51:28: note: declared here
   template<typename> class auto_ptr;
                            ^~~~~~~~
In file included from /home/runner/work/_temp/Library/BH/include/boost/shared_ptr.hpp:17:0,
                 from timestamp.h:4,
                 from timestamp_unix.cpp:4:
/home/runner/work/_temp/Library/BH/include/boost/smart_ptr/shared_ptr.hpp: In member function ‘boost::shared_ptr<T>& boost::shared_ptr<T>::operator=(std::auto_ptr<_Up>&&)’:
/home/runner/work/_temp/Library/BH/include/boost/smart_ptr/shared_ptr.hpp:578:38: warning: ‘template<class> class std::auto_ptr’ is deprecated [-Wdeprecated-declarations]
         this_type( static_cast< std::auto_ptr<Y> && >( r ) ).swap( *this );
                                      ^~~~~~~~
In file included from /usr/include/c++/7/memory:80:0,
                 from /home/runner/work/_temp/Library/BH/include/boost/config/no_tr1/memory.hpp:21,
                 from /home/runner/work/_temp/Library/BH/include/boost/smart_ptr/shared_ptr.hpp:23,
                 from /home/runner/work/_temp/Library/BH/include/boost/shared_ptr.hpp:17,
                 from timestamp.h:4,
                 from timestamp_unix.cpp:4:
/usr/include/c++/7/bits/unique_ptr.h:51:28: note: declared here
   template<typename> class auto_ptr;
                            ^~~~~~~~
