This is pdfTeX, Version 3.141592653-2.6-1.40.23 (TeX Live 2021) (preloaded format=pdflatex 2022.1.10)  18 FEB 2022 15:13
entering extended mode
 restricted \write18 enabled.
 %&-line parsing enabled.
**Rd2.tex
(./Rd2.tex
LaTeX2e <2021-11-15> patch level 1
L3 programming layer <2021-11-22>
(/home/sebi/.TinyTeX/texmf-dist/tex/latex/base/book.cls
Document Class: book 2021/10/04 v1.4n Standard LaTeX document class
(/home/sebi/.TinyTeX/texmf-dist/tex/latex/base/bk10.clo
File: bk10.clo 2021/10/04 v1.4n Standard LaTeX file (size option)
)
\c@part=\count183
\c@chapter=\count184
\c@section=\count185
\c@subsection=\count186
\c@subsubsection=\count187
\c@paragraph=\count188
\c@subparagraph=\count189
\c@figure=\count190
\c@table=\count191
\abovecaptionskip=\skip47
\belowcaptionskip=\skip48
\bibindent=\dimen138
) (/usr/share/R/share/texmf/tex/latex/Rd.sty
Package: Rd 
 (/home/sebi/.TinyTeX/texmf-dist/tex/latex/base/ifthen.sty
Package: ifthen 2020/11/24 v1.1c Standard LaTeX ifthen package (DPC)
) (/home/sebi/.TinyTeX/texmf-dist/tex/latex/tools/longtable.sty
Package: longtable 2021-09-01 v4.17 Multi-page Table package (DPC)
\LTleft=\skip49
\LTright=\skip50
\LTpre=\skip51
\LTpost=\skip52
\LTchunksize=\count192
\LTcapwidth=\dimen139
\LT@head=\box50
\LT@firsthead=\box51
\LT@foot=\box52
\LT@lastfoot=\box53
\LT@gbox=\box54
\LT@cols=\count193
\LT@rows=\count194
\c@LT@tables=\count195
\c@LT@chunks=\count196
\LT@p@ftn=\toks16
) (/home/sebi/.TinyTeX/texmf-dist/tex/latex/tools/bm.sty
Package: bm 2021/04/25 v1.2e Bold Symbol Support (DPC/FMi)
\symboldoperators=\mathgroup4
\symboldletters=\mathgroup5
\symboldsymbols=\mathgroup6
Package bm Info: No bold for \OMX/cmex/m/n, using \pmb.
LaTeX Font Info:    Redeclaring math alphabet \mathbf on input line 149.
) (/home/sebi/.TinyTeX/texmf-dist/tex/latex/base/alltt.sty
Package: alltt 2021/01/29 v2.0g defines alltt environment
) (/home/sebi/.TinyTeX/texmf-dist/tex/latex/tools/verbatim.sty
Package: verbatim 2020-07-07 v1.5u LaTeX2e package for verbatim enhancements
\every@verbatim=\toks17
\verbatim@line=\toks18
\verbatim@in@stream=\read2
) (/home/sebi/.TinyTeX/texmf-dist/tex/latex/url/url.sty
\Urlmuskip=\muskip16
Package: url 2013/09/16  ver 3.4  Verb mode for urls, etc.
) (/home/sebi/.TinyTeX/texmf-dist/tex/latex/base/textcomp.sty
Package: textcomp 2020/02/02 v2.0n Standard LaTeX package
)
\ldescriptionwidth=\skip53
 (/home/sebi/.TinyTeX/texmf-dist/tex/latex/base/fontenc.sty
Package: fontenc 2021/04/29 v2.0v Standard LaTeX package
) (/home/sebi/.TinyTeX/texmf-dist/tex/latex/psnfss/times.sty
Package: times 2020/03/25 PSNFSS-v9.3 (SPQR) 
) (/home/sebi/.TinyTeX/texmf-dist/tex/latex/inconsolata/zi4.sty
Package: zi4 2019/05/17 v1.12
 `inconsolata-zi4' v1.12, 2019/05/17 Text macros for Inconsolata (msharpe) (/home/sebi/.TinyTeX/texmf-dist/tex/latex/xkeyval/xkeyval.sty
Package: xkeyval 2020/11/20 v2.8 package option processing (HA)
 (/home/sebi/.TinyTeX/texmf-dist/tex/generic/xkeyval/xkeyval.tex (/home/sebi/.TinyTeX/texmf-dist/tex/generic/xkeyval/xkvutils.tex
\XKV@toks=\toks19
\XKV@tempa@toks=\toks20
 (/home/sebi/.TinyTeX/texmf-dist/tex/generic/xkeyval/keyval.tex))
\XKV@depth=\count197
File: xkeyval.tex 2014/12/03 v2.7a key=value parser (HA)
))
\zifour@ocount=\count198
) (/home/sebi/.TinyTeX/texmf-dist/tex/latex/graphics/color.sty
Package: color 2021/12/07 v1.3c Standard LaTeX Color (DPC)
 (/home/sebi/.TinyTeX/texmf-dist/tex/latex/graphics-cfg/color.cfg
File: color.cfg 2016/01/02 v1.6 sample color configuration
)
Package color Info: Driver file: pdftex.def on input line 149.
 (/home/sebi/.TinyTeX/texmf-dist/tex/latex/graphics-def/pdftex.def
File: pdftex.def 2020/10/05 v1.2a Graphics/color driver for pdftex
)) (/home/sebi/.TinyTeX/texmf-dist/tex/latex/hyperref/hyperref.sty
Package: hyperref 2021-06-07 v7.00m Hypertext links for LaTeX
 (/home/sebi/.TinyTeX/texmf-dist/tex/generic/ltxcmds/ltxcmds.sty
Package: ltxcmds 2020-05-10 v1.25 LaTeX kernel commands for general use (HO)
) (/home/sebi/.TinyTeX/texmf-dist/tex/generic/iftex/iftex.sty
Package: iftex 2020/03/06 v1.0d TeX engine tests
) (/home/sebi/.TinyTeX/texmf-dist/tex/generic/pdftexcmds/pdftexcmds.sty
Package: pdftexcmds 2020-06-27 v0.33 Utility functions of pdfTeX for LuaTeX (HO)
 (/home/sebi/.TinyTeX/texmf-dist/tex/generic/infwarerr/infwarerr.sty
Package: infwarerr 2019/12/03 v1.5 Providing info/warning/error messages (HO)
)
Package pdftexcmds Info: \pdf@primitive is available.
Package pdftexcmds Info: \pdf@ifprimitive is available.
Package pdftexcmds Info: \pdfdraftmode found.
) (/home/sebi/.TinyTeX/texmf-dist/tex/generic/kvsetkeys/kvsetkeys.sty
Package: kvsetkeys 2019/12/15 v1.18 Key value parser (HO)
) (/home/sebi/.TinyTeX/texmf-dist/tex/generic/kvdefinekeys/kvdefinekeys.sty
Package: kvdefinekeys 2019-12-19 v1.6 Define keys (HO)
) (/home/sebi/.TinyTeX/texmf-dist/tex/generic/pdfescape/pdfescape.sty
Package: pdfescape 2019/12/09 v1.15 Implements pdfTeX's escape features (HO)
) (/home/sebi/.TinyTeX/texmf-dist/tex/latex/hycolor/hycolor.sty
Package: hycolor 2020-01-27 v1.10 Color options for hyperref/bookmark (HO)
) (/home/sebi/.TinyTeX/texmf-dist/tex/latex/letltxmacro/letltxmacro.sty
Package: letltxmacro 2019/12/03 v1.6 Let assignment for LaTeX macros (HO)
) (/home/sebi/.TinyTeX/texmf-dist/tex/latex/auxhook/auxhook.sty
Package: auxhook 2019-12-17 v1.6 Hooks for auxiliary files (HO)
) (/home/sebi/.TinyTeX/texmf-dist/tex/latex/kvoptions/kvoptions.sty
Package: kvoptions 2020-10-07 v3.14 Key value format for package options (HO)
)
\@linkdim=\dimen140
\Hy@linkcounter=\count199
\Hy@pagecounter=\count266
 (/home/sebi/.TinyTeX/texmf-dist/tex/latex/hyperref/pd1enc.def
File: pd1enc.def 2021-06-07 v7.00m Hyperref: PDFDocEncoding definition (HO)
Now handling font encoding PD1 ...
... no UTF-8 mapping file for font encoding PD1
) (/home/sebi/.TinyTeX/texmf-dist/tex/latex/hyperref/hyperref-langpatches.def
File: hyperref-langpatches.def 2021-06-07 v7.00m Hyperref: patches for babel languages
) (/home/sebi/.TinyTeX/texmf-dist/tex/generic/intcalc/intcalc.sty
Package: intcalc 2019/12/15 v1.3 Expandable calculations with integers (HO)
) (/home/sebi/.TinyTeX/texmf-dist/tex/generic/etexcmds/etexcmds.sty
Package: etexcmds 2019/12/15 v1.7 Avoid name clashes with e-TeX commands (HO)
)
\Hy@SavedSpaceFactor=\count267
 (/home/sebi/.TinyTeX/texmf-dist/tex/latex/hyperref/puenc.def
File: puenc.def 2021-06-07 v7.00m Hyperref: PDF Unicode definition (HO)
Now handling font encoding PU ...
... no UTF-8 mapping file for font encoding PU
)
Package hyperref Info: Hyper figures OFF on input line 4192.
Package hyperref Info: Link nesting OFF on input line 4197.
Package hyperref Info: Hyper index ON on input line 4200.
Package hyperref Info: Plain pages OFF on input line 4207.
Package hyperref Info: Backreferencing OFF on input line 4212.
Package hyperref Info: Implicit mode ON; LaTeX internals redefined.
Package hyperref Info: Bookmarks ON on input line 4445.
\c@Hy@tempcnt=\count268
LaTeX Info: Redefining \url on input line 4804.
\XeTeXLinkMargin=\dimen141
 (/home/sebi/.TinyTeX/texmf-dist/tex/generic/bitset/bitset.sty
Package: bitset 2019/12/09 v1.3 Handle bit-vector datatype (HO)
 (/home/sebi/.TinyTeX/texmf-dist/tex/generic/bigintcalc/bigintcalc.sty
Package: bigintcalc 2019/12/15 v1.5 Expandable calculations on big integers (HO)
))
\Fld@menulength=\count269
\Field@Width=\dimen142
\Fld@charsize=\dimen143
Package hyperref Info: Hyper figures OFF on input line 6076.
Package hyperref Info: Link nesting OFF on input line 6081.
Package hyperref Info: Hyper index ON on input line 6084.
Package hyperref Info: backreferencing OFF on input line 6091.
Package hyperref Info: Link coloring OFF on input line 6096.
Package hyperref Info: Link coloring with OCG OFF on input line 6101.
Package hyperref Info: PDF/A mode OFF on input line 6106.
LaTeX Info: Redefining \ref on input line 6146.
LaTeX Info: Redefining \pageref on input line 6150.
 (/home/sebi/.TinyTeX/texmf-dist/tex/latex/base/atbegshi-ltx.sty
Package: atbegshi-ltx 2021/01/10 v1.0c Emulation of the original atbegshi
package with kernel methods
)
\Hy@abspage=\count270
\c@Item=\count271
\c@Hfootnote=\count272
)
Package hyperref Info: Driver (autodetected): hpdftex.
 (/home/sebi/.TinyTeX/texmf-dist/tex/latex/hyperref/hpdftex.def
File: hpdftex.def 2021-06-07 v7.00m Hyperref driver for pdfTeX
 (/home/sebi/.TinyTeX/texmf-dist/tex/latex/base/atveryend-ltx.sty
Package: atveryend-ltx 2020/08/19 v1.0a Emulation of the original atveryend package
with kernel methods
)
\Fld@listcount=\count273
\c@bookmark@seq@number=\count274
 (/home/sebi/.TinyTeX/texmf-dist/tex/latex/rerunfilecheck/rerunfilecheck.sty
Package: rerunfilecheck 2019/12/05 v1.9 Rerun checks for auxiliary files (HO)
 (/home/sebi/.TinyTeX/texmf-dist/tex/generic/uniquecounter/uniquecounter.sty
Package: uniquecounter 2019/12/15 v1.4 Provide unlimited unique counter (HO)
)
Package uniquecounter Info: New unique counter `rerunfilecheck' on input line 286.
)
\Hy@SectionHShift=\skip54
)

Package hyperref Warning: Option `hyperindex' has already been used,
(hyperref)                setting the option has no effect on input line 377.

Package hyperref Info: Option `colorlinks' set `true' on input line 377.

Package hyperref Warning: Option `pagebackref' has already been used,
(hyperref)                setting the option has no effect on input line 377.

Package hyperref Info: Option `linktocpage' set `true' on input line 377.
Package hyperref Info: Option `plainpages' set `false' on input line 377.
) (/home/sebi/.TinyTeX/texmf-dist/tex/latex/base/makeidx.sty
Package: makeidx 2021/10/04 v1.0m Standard LaTeX package
) (/home/sebi/.TinyTeX/texmf-dist/tex/latex/base/inputenc.sty
Package: inputenc 2021/02/14 v1.3d Input encoding file
\inpenc@prehook=\toks21
\inpenc@posthook=\toks22
)
\@indexfile=\write3
\openout3 = `Rd2.idx'.


Writing index file Rd2.idx
LaTeX Font Info:    Trying to load font information for T1+ptm on input line 8.
(/home/sebi/.TinyTeX/texmf-dist/tex/latex/psnfss/t1ptm.fd
File: t1ptm.fd 2001/06/04 font definitions for T1/ptm.
) (/home/sebi/.TinyTeX/texmf-dist/tex/latex/l3backend/l3backend-pdftex.def
File: l3backend-pdftex.def 2021-12-14 L3 backend support: PDF output (pdfTeX)
\l__color_backend_stack_int=\count275
\l__pdf_internal_box=\box55
) (./Rd2.aux)
\openout1 = `Rd2.aux'.

LaTeX Font Info:    Checking defaults for OML/cmm/m/it on input line 8.
LaTeX Font Info:    ... okay on input line 8.
LaTeX Font Info:    Checking defaults for OMS/cmsy/m/n on input line 8.
LaTeX Font Info:    ... okay on input line 8.
LaTeX Font Info:    Checking defaults for OT1/cmr/m/n on input line 8.
LaTeX Font Info:    ... okay on input line 8.
LaTeX Font Info:    Checking defaults for T1/cmr/m/n on input line 8.
LaTeX Font Info:    ... okay on input line 8.
LaTeX Font Info:    Checking defaults for TS1/cmr/m/n on input line 8.
LaTeX Font Info:    ... okay on input line 8.
LaTeX Font Info:    Checking defaults for OMX/cmex/m/n on input line 8.
LaTeX Font Info:    ... okay on input line 8.
LaTeX Font Info:    Checking defaults for U/cmr/m/n on input line 8.
LaTeX Font Info:    ... okay on input line 8.
LaTeX Font Info:    Checking defaults for PD1/pdf/m/n on input line 8.
LaTeX Font Info:    ... okay on input line 8.
LaTeX Font Info:    Checking defaults for PU/pdf/m/n on input line 8.
LaTeX Font Info:    ... okay on input line 8.
Package hyperref Info: Link coloring ON on input line 8.
 (/home/sebi/.TinyTeX/texmf-dist/tex/latex/hyperref/nameref.sty
Package: nameref 2021-04-02 v2.47 Cross-referencing by name of section
 (/home/sebi/.TinyTeX/texmf-dist/tex/latex/refcount/refcount.sty
Package: refcount 2019/12/15 v3.6 Data extraction from label references (HO)
) (/home/sebi/.TinyTeX/texmf-dist/tex/generic/gettitlestring/gettitlestring.sty
Package: gettitlestring 2019/12/15 v1.6 Cleanup title references (HO)
)
\c@section@level=\count276
)
LaTeX Info: Redefining \ref on input line 8.
LaTeX Info: Redefining \pageref on input line 8.
LaTeX Info: Redefining \nameref on input line 8.
 (./Rd2.out) (./Rd2.out)
\@outlinefile=\write4
\openout4 = `Rd2.out'.

LaTeX Font Info:    Trying to load font information for T1+zi4 on input line 40.
 (/home/sebi/.TinyTeX/texmf-dist/tex/latex/inconsolata/t1zi4.fd
File: t1zi4.fd 2018/01/14 T1/zi4 (Inconsolata)
)
LaTeX Font Info:    Font shape `T1/zi4/m/n' will be
(Font)              scaled to size 10.0pt on input line 40.
LaTeX Font Info:    External font `cmex10' loaded for size
(Font)              <7> on input line 40.
LaTeX Font Info:    External font `cmex10' loaded for size
(Font)              <5> on input line 40.
LaTeX Font Info:    Trying to load font information for T1+phv on input line 50.
 (/home/sebi/.TinyTeX/texmf-dist/tex/latex/psnfss/t1phv.fd
File: t1phv.fd 2020/03/25 scalable font definitions for T1/phv.
) (./Rd2.toc [1


{/home/sebi/.TinyTeX/texmf-var/fonts/map/pdftex/updmap/pdftex.map}] [2])
\tf@toc=\write5
\openout5 = `Rd2.toc'.

 [3]
LaTeX Font Info:    Trying to load font information for TS1+ptm on input line 65.
 (/home/sebi/.TinyTeX/texmf-dist/tex/latex/psnfss/ts1ptm.fd
File: ts1ptm.fd 2001/06/04 font definitions for TS1/ptm.
) [4]
Overfull \hbox (89.59909pt too wide) in paragraph at lines 129--131
\T1/ptm/m/n/10 Fea-ture types that can be han-dled by the learner, see \T1/zi4/m/n/10 mlr3::mlr_reflections$task_feature_types\T1/ptm/m/n/10 . 
 []


Overfull \hbox (105.71893pt too wide) in paragraph at lines 132--134
\T1/ptm/m/n/10 Pre-dic-tion types that can be made by the learner, see \T1/zi4/m/n/10 mlr3::mlr_reflections$learner_predict_types\T1/ptm/m/n/10 . 
 []


Overfull \hbox (77.14914pt too wide) in paragraph at lines 135--137
\T1/ptm/m/n/10 Prop-er-ties that can be han-dled by the learner, see \T1/zi4/m/n/10 mlr3::mlr_reflections$learner_properties\T1/ptm/m/n/10 . 
 []


Overfull \hbox (1.50604pt too wide) in paragraph at lines 151--153
[]\T1/ptm/m/n/10 Creates a test_paramtest_package_type_key.R file for test-ing cor-rect im-ple-men-ta-tion of learner
 []


Overfull \hbox (12.10844pt too wide) in paragraph at lines 166--169
[]\T1/ptm/m/n/10 Manually add \T1/zi4/m/n/10 .train\T1/ptm/m/n/10 , \T1/zi4/m/n/10 .predict \T1/ptm/m/n/10 pri-vate meth-ods for the learner, as well as adding the \T1/zi4/m/n/10 param_set
 []

[5]
LaTeX Font Info:    Trying to load font information for TS1+zi4 on input line 173.
 (/home/sebi/.TinyTeX/texmf-dist/tex/latex/inconsolata/ts1zi4.fd
File: ts1zi4.fd 2018/01/14 TS1/zi4 (Inconsolata)
)
LaTeX Font Info:    Font shape `TS1/zi4/m/n' will be
(Font)              scaled to size 10.0pt on input line 173.

Overfull \hbox (5.42947pt too wide) in paragraph at lines 174--175
[]\T1/zi4/m/n/10 styler::style_pkg(style = styler::mlr_style) \T1/ptm/m/n/10 (you may need to first run re-motes::) 
 []

LaTeX Font Info:    Font shape `T1/zi4/m/n' will be
(Font)              scaled to size 9.0pt on input line 188.
[6] [7] [8] [9] [10] [11]pdfTeX warning (ext4): destination with the same identifier (name{method-new}) has been already used, duplicate ignored
<to be read again> 
                   \relax 
l.621 \hypertarget{method-new}{}
                                 [12]pdfTeX warning (ext4): destination with the same identifier (name{method-clone}) has been already used, duplicate ignored
<to be read again> 
                   \relax 
l.636 \hypertarget{method-clone}{}
                                   [13] [14]pdfTeX warning (ext4): destination with the same identifier (name{method-new}) has been already used, duplicate ignored
<to be read again> 
                   \relax 
l.770 \hypertarget{method-new}{}
                                pdfTeX warning (ext4): destination with the same identifier (name{method-clone}) has been already used, duplicate ignored
<to be read again> 
                   \relax 
l.785 \hypertarget{method-clone}{}
                                  
Overfull \hbox (267.91776pt too wide) in alignment at lines 924--924
 [] [] [] [] [] 
 []

[15] [16] [17]pdfTeX warning (ext4): destination with the same identifier (name{method-new}) has been already used, duplicate ignored
<to be read again> 
                   \relax 
l.998 \hypertarget{method-new}{}
                                
Overfull \hbox (45.01614pt too wide) in paragraph at lines 1015--1020
[]\T1/ptm/b/n/10 Method \T1/zi4/m/n/10 importance()\T1/ptm/b/n/10 :  \T1/ptm/m/n/10 The im-por-tance scores are cal-cu-lated us-ing [][]\T1/zi4/m/n/10 catboost.get_feature_importance[][][]\T1/ptm/m/n/10 ,
 []

pdfTeX warning (ext4): destination with the same identifier (name{method-clone}) has been already used, duplicate ignored
<to be read again> 
                   \relax 
l.1035 \hypertarget{method-clone}{}
                                    [18]
Overfull \hbox (39.33945pt too wide) in alignment at lines 1179--1179
 [] [] [] [] [] 
 []

[19] [20]pdfTeX warning (ext4): destination with the same identifier (name{method-new}) has been already used, duplicate ignored
<to be read again> 
                   \relax 
l.1220 \hypertarget{method-new}{}
                                 pdfTeX warning (ext4): destination with the same identifier (name{method-clone}) has been already used, duplicate ignored
<to be read again> 
                   \relax 
l.1259 \hypertarget{method-clone}{}
                                    [21]
Overfull \hbox (225.73488pt too wide) in paragraph at lines 1319--1319
 []\T1/zi4/m/n/9 if (requireNamespace("partykit", quietly = TRUE) && requireNamespace("sandwich", quietly = TRUE) && requireNamespace("coin", quietly = TRUE)) { 
 []

[22]
Overfull \hbox (27.94917pt too wide) in alignment at lines 1400--1400
 [] [] [] [] [] 
 []

[23]pdfTeX warning (ext4): destination with the same identifier (name{method-new}) has been already used, duplicate ignored
<to be read again> 
                   \relax 
l.1422 \hypertarget{method-new}{}
                                 pdfTeX warning (ext4): destination with the same identifier (name{method-clone}) has been already used, duplicate ignored
<to be read again> 
                   \relax 
l.1437 \hypertarget{method-clone}{}
                                   
Overfull \hbox (225.73488pt too wide) in paragraph at lines 1497--1497
 []\T1/zi4/m/n/9 if (requireNamespace("partykit", quietly = TRUE) && requireNamespace("sandwich", quietly = TRUE) && requireNamespace("coin", quietly = TRUE)) { 
 []

[24]
Underfull \hbox (badness 2318) in paragraph at lines 1507--1507
[]\T1/ptm/m/it/10 Classification MARS (Mul-ti-vari-ate Adap-tive Re-gres-sion Splines)
 []


Overfull \hbox (87.1206pt too wide) in alignment at lines 1577--1577
 [] [] [] [] [] 
 []

[25]pdfTeX warning (ext4): destination with the same identifier (name{method-new}) has been already used, duplicate ignored
<to be read again> 
                   \relax 
l.1599 \hypertarget{method-new}{}
                                 pdfTeX warning (ext4): destination with the same identifier (name{method-clone}) has been already used, duplicate ignored
<to be read again> 
                   \relax 
l.1614 \hypertarget{method-clone}{}
                                    [26] [27]pdfTeX warning (ext4): destination with the same identifier (name{method-new}) has been already used, duplicate ignored
<to be read again> 
                   \relax 
l.1749 \hypertarget{method-new}{}
                                 pdfTeX warning (ext4): destination with the same identifier (name{method-clone}) has been already used, duplicate ignored
<to be read again> 
                   \relax 
l.1764 \hypertarget{method-clone}{}
                                    [28] [29]pdfTeX warning (ext4): destination with the same identifier (name{method-new}) has been already used, duplicate ignored
<to be read again> 
                   \relax 
l.1885 \hypertarget{method-new}{}
                                 pdfTeX warning (ext4): destination with the same identifier (name{method-clone}) has been already used, duplicate ignored
<to be read again> 
                   \relax 
l.1900 \hypertarget{method-clone}{}
                                    [30] [31]
Overfull \hbox (72.76088pt too wide) in alignment at lines 2046--2046
 [] [] [] [] [] 
 []

[32]pdfTeX warning (ext4): destination with the same identifier (name{method-new}) has been already used, duplicate ignored
<to be read again> 
                   \relax 
l.2068 \hypertarget{method-new}{}
                                 pdfTeX warning (ext4): destination with the same identifier (name{method-clone}) has been already used, duplicate ignored
<to be read again> 
                   \relax 
l.2083 \hypertarget{method-clone}{}
                                    [33] [34]pdfTeX warning (ext4): destination with the same identifier (name{method-new}) has been already used, duplicate ignored
<to be read again> 
                   \relax 
l.2204 \hypertarget{method-new}{}
                                 pdfTeX warning (ext4): destination with the same identifier (name{method-clone}) has been already used, duplicate ignored
<to be read again> 
                   \relax 
l.2219 \hypertarget{method-clone}{}
                                    [35]
Overfull \hbox (112.66907pt too wide) in alignment at lines 2335--2335
 [] [] [] [] [] 
 []

[36]pdfTeX warning (ext4): destination with the same identifier (name{method-new}) has been already used, duplicate ignored
<to be read again> 
                   \relax 
l.2357 \hypertarget{method-new}{}
                                 pdfTeX warning (ext4): destination with the same identifier (name{method-clone}) has been already used, duplicate ignored
<to be read again> 
                   \relax 
l.2372 \hypertarget{method-clone}{}
                                    [37]
Overfull \hbox (4.43988pt too wide) in alignment at lines 2481--2481
 [] [] [] [] [] 
 []

[38]pdfTeX warning (ext4): destination with the same identifier (name{method-new}) has been already used, duplicate ignored
<to be read again> 
                   \relax 
l.2532 \hypertarget{method-new}{}
                                 pdfTeX warning (ext4): destination with the same identifier (name{method-importance}) has been already used, duplicate ignored
<to be read again> 
                   \relax 
l.2547 \hypertarget{method-importance}{}
                                        pdfTeX warning (ext4): destination with the same identifier (name{method-clone}) has been already used, duplicate ignored
<to be read again> 
                   \relax 
l.2568 \hypertarget{method-clone}{}
                                    [39] [40]pdfTeX warning (ext4): destination with the same identifier (name{method-new}) has been already used, duplicate ignored
<to be read again> 
                   \relax 
l.2701 \hypertarget{method-new}{}
                                 pdfTeX warning (ext4): destination with the same identifier (name{method-clone}) has been already used, duplicate ignored
<to be read again> 
                   \relax 
l.2716 \hypertarget{method-clone}{}
                                    [41] [42]
Overfull \hbox (54.37155pt too wide) in alignment at lines 2827--2827
 [] [] [] [] [] 
 []

[43]pdfTeX warning (ext4): destination with the same identifier (name{method-new}) has been already used, duplicate ignored
<to be read again> 
                   \relax 
l.2888 \hypertarget{method-new}{}
                                 pdfTeX warning (ext4): destination with the same identifier (name{method-clone}) has been already used, duplicate ignored
<to be read again> 
                   \relax 
l.2903 \hypertarget{method-clone}{}
                                    [44]
Overfull \hbox (29.17726pt too wide) in alignment at lines 3020--3020
 [] [] [] [] [] 
 []

[45]pdfTeX warning (ext4): destination with the same identifier (name{method-new}) has been already used, duplicate ignored
<to be read again> 
                   \relax 
l.3081 \hypertarget{method-new}{}
                                 pdfTeX warning (ext4): destination with the same identifier (name{method-clone}) has been already used, duplicate ignored
<to be read again> 
                   \relax 
l.3096 \hypertarget{method-clone}{}
                                    [46] [47]pdfTeX warning (ext4): destination with the same identifier (name{method-new}) has been already used, duplicate ignored
<to be read again> 
                   \relax 
l.3268 \hypertarget{method-new}{}
                                 pdfTeX warning (ext4): destination with the same identifier (name{method-clone}) has been already used, duplicate ignored
<to be read again> 
                   \relax 
l.3283 \hypertarget{method-clone}{}
                                    [48] [49]
Overfull \hbox (29.07004pt too wide) in alignment at lines 3395--3395
 [] [] [] [] [] 
 []

[50]pdfTeX warning (ext4): destination with the same identifier (name{method-new}) has been already used, duplicate ignored
<to be read again> 
                   \relax 
l.3417 \hypertarget{method-new}{}
                                 pdfTeX warning (ext4): destination with the same identifier (name{method-clone}) has been already used, duplicate ignored
<to be read again> 
                   \relax 
l.3432 \hypertarget{method-clone}{}
                                    [51] [52]pdfTeX warning (ext4): destination with the same identifier (name{method-new}) has been already used, duplicate ignored
<to be read again> 
                   \relax 
l.3583 \hypertarget{method-new}{}
                                 pdfTeX warning (ext4): destination with the same identifier (name{method-clone}) has been already used, duplicate ignored
<to be read again> 
                   \relax 
l.3598 \hypertarget{method-clone}{}
                                    [53] [54]
Overfull \hbox (372.42735pt too wide) in alignment at lines 3823--3823
 [] [] [] [] [] 
 []

[55] [56] [57]pdfTeX warning (ext4): destination with the same identifier (name{method-new}) has been already used, duplicate ignored
<to be read again> 
                   \relax 
l.3873 \hypertarget{method-new}{}
                                 pdfTeX warning (ext4): destination with the same identifier (name{method-importance}) has been already used, duplicate ignored
<to be read again> 
                   \relax 
l.3888 \hypertarget{method-importance}{}
                                        pdfTeX warning (ext4): destination with the same identifier (name{method-clone}) has been already used, duplicate ignored
<to be read again> 
                   \relax 
l.3908 \hypertarget{method-clone}{}
                                    [58] [59]pdfTeX warning (ext4): destination with the same identifier (name{method-new}) has been already used, duplicate ignored
<to be read again> 
                   \relax 
l.4082 \hypertarget{method-new}{}
                                  [60]pdfTeX warning (ext4): destination with the same identifier (name{method-clone}) has been already used, duplicate ignored
<to be read again> 
                   \relax 
l.4097 \hypertarget{method-clone}{}
                                    [61]
Overfull \hbox (161.83844pt too wide) in alignment at lines 4220--4220
 [] [] [] [] [] 
 []

[62]pdfTeX warning (ext4): destination with the same identifier (name{method-new}) has been already used, duplicate ignored
<to be read again> 
                   \relax 
l.4242 \hypertarget{method-new}{}
                                 pdfTeX warning (ext4): destination with the same identifier (name{method-clone}) has been already used, duplicate ignored
<to be read again> 
                   \relax 
l.4257 \hypertarget{method-clone}{}
                                    [63] [64]pdfTeX warning (ext4): destination with the same identifier (name{method-new}) has been already used, duplicate ignored
<to be read again> 
                   \relax 
l.4409 \hypertarget{method-new}{}
                                 pdfTeX warning (ext4): destination with the same identifier (name{method-clone}) has been already used, duplicate ignored
<to be read again> 
                   \relax 
l.4424 \hypertarget{method-clone}{}
                                    [65]
Overfull \hbox (225.73488pt too wide) in paragraph at lines 4484--4484
 []\T1/zi4/m/n/9 if (requireNamespace("partykit", quietly = TRUE) && requireNamespace("sandwich", quietly = TRUE) && requireNamespace("coin", quietly = TRUE)) { 
 []

[66] [67]pdfTeX warning (ext4): destination with the same identifier (name{method-new}) has been already used, duplicate ignored
<to be read again> 
                   \relax 
l.4596 \hypertarget{method-new}{}
                                 pdfTeX warning (ext4): destination with the same identifier (name{method-clone}) has been already used, duplicate ignored
<to be read again> 
                   \relax 
l.4611 \hypertarget{method-clone}{}
                                    [68]
Overfull \hbox (29.17726pt too wide) in alignment at lines 4724--4724
 [] [] [] [] [] 
 []

[69]pdfTeX warning (ext4): destination with the same identifier (name{method-new}) has been already used, duplicate ignored
<to be read again> 
                   \relax 
l.4785 \hypertarget{method-new}{}
                                 pdfTeX warning (ext4): destination with the same identifier (name{method-clone}) has been already used, duplicate ignored
<to be read again> 
                   \relax 
l.4800 \hypertarget{method-clone}{}
                                    [70] [71]pdfTeX warning (ext4): destination with the same identifier (name{method-new}) has been already used, duplicate ignored
<to be read again> 
                   \relax 
l.4939 \hypertarget{method-new}{}
                                 pdfTeX warning (ext4): destination with the same identifier (name{method-importance}) has been already used, duplicate ignored
<to be read again> 
                   \relax 
l.4954 \hypertarget{method-importance}{}
                                        pdfTeX warning (ext4): destination with the same identifier (name{method-oob_error}) has been already used, duplicate ignored
<to be read again> 
                   \relax 
l.4975 \hypertarget{method-oob_error}{}
                                        [72]pdfTeX warning (ext4): destination with the same identifier (name{method-clone}) has been already used, duplicate ignored
<to be read again> 
                   \relax 
l.4995 \hypertarget{method-clone}{}
                                    [73] [74]
Overfull \hbox (7.59027pt too wide) in paragraph at lines 5146--5149
\T1/ptm/m/n/10 as \T1/zi4/m/n/10 mtry = max(ceiling(mtry.ratio * n_features),1)\T1/ptm/m/n/10 . Note that \T1/zi4/m/n/10 mtry \T1/ptm/m/n/10 and \T1/zi4/m/n/10 mtry.ratio
 []


Overfull \hbox (9.99808pt too wide) in paragraph at lines 5155--5158
[]\T1/ptm/m/n/10 This hy-per-pa-ram-e-ter can al-ter-na-tively be set via the added hy-per-pa-ram-e-ter \T1/zi4/m/n/10 sampsize.ratio
 []

pdfTeX warning (ext4): destination with the same identifier (name{method-new}) has been already used, duplicate ignored
<to be read again> 
                   \relax 
l.5188 \hypertarget{method-new}{}
                                  [75]pdfTeX warning (ext4): destination with the same identifier (name{method-importance}) has been already used, duplicate ignored
<to be read again> 
                   \relax 
l.5203 \hypertarget{method-importance}{}
                                        pdfTeX warning (ext4): destination with the same identifier (name{method-oob_error}) has been already used, duplicate ignored
<to be read again> 
                   \relax 
l.5244 \hypertarget{method-oob_error}{}
                                       pdfTeX warning (ext4): destination with the same identifier (name{method-clone}) has been already used, duplicate ignored
<to be read again> 
                   \relax 
l.5264 \hypertarget{method-clone}{}
                                    [76] [77]pdfTeX warning (ext4): destination with the same identifier (name{method-new}) has been already used, duplicate ignored
<to be read again> 
                   \relax 
l.5386 \hypertarget{method-new}{}
                                 pdfTeX warning (ext4): destination with the same identifier (name{method-clone}) has been already used, duplicate ignored
<to be read again> 
                   \relax 
l.5401 \hypertarget{method-clone}{}
                                   
Overfull \hbox (39.75021pt too wide) in paragraph at lines 5455--5455
 []\T1/zi4/m/n/9 if (requireNamespace("mlr3proba", quietly = TRUE) && requireNamespace("kerdiest", quietly = TRUE)) { 
 []

[78] [79]pdfTeX warning (ext4): destination with the same identifier (name{method-new}) has been already used, duplicate ignored
<to be read again> 
                   \relax 
l.5536 \hypertarget{method-new}{}
                                 pdfTeX warning (ext4): destination with the same identifier (name{method-clone}) has been already used, duplicate ignored
<to be read again> 
                   \relax 
l.5551 \hypertarget{method-clone}{}
                                   
Overfull \hbox (12.75021pt too wide) in paragraph at lines 5605--5605
 []\T1/zi4/m/n/9 if (requireNamespace("mlr3proba", quietly = TRUE) && requireNamespace("ks", quietly = TRUE)) { 
 []

[80] [81]pdfTeX warning (ext4): destination with the same identifier (name{method-new}) has been already used, duplicate ignored
<to be read again> 
                   \relax 
l.5684 \hypertarget{method-new}{}
                                 pdfTeX warning (ext4): destination with the same identifier (name{method-clone}) has been already used, duplicate ignored
<to be read again> 
                   \relax 
l.5699 \hypertarget{method-clone}{}
                                   
Overfull \hbox (30.75021pt too wide) in paragraph at lines 5753--5753
 []\T1/zi4/m/n/9 if (requireNamespace("mlr3proba", quietly = TRUE) && requireNamespace("locfit", quietly = TRUE)) { 
 []

[82] [83]pdfTeX warning (ext4): destination with the same identifier (name{method-new}) has been already used, duplicate ignored
<to be read again> 
                   \relax 
l.5827 \hypertarget{method-new}{}
                                 pdfTeX warning (ext4): destination with the same identifier (name{method-clone}) has been already used, duplicate ignored
<to be read again> 
                   \relax 
l.5842 \hypertarget{method-clone}{}
                                   
Overfull \hbox (44.25021pt too wide) in paragraph at lines 5896--5896
 []\T1/zi4/m/n/9 if (requireNamespace("mlr3proba", quietly = TRUE) && requireNamespace("logspline", quietly = TRUE)) { 
 []

[84]
Overfull \hbox (28.58104pt too wide) in alignment at lines 5968--5968
 [] [] [] [] [] 
 []

[85]pdfTeX warning (ext4): destination with the same identifier (name{method-new}) has been already used, duplicate ignored
<to be read again> 
                   \relax 
l.5990 \hypertarget{method-new}{}
                                 pdfTeX warning (ext4): destination with the same identifier (name{method-clone}) has been already used, duplicate ignored
<to be read again> 
                   \relax 
l.6005 \hypertarget{method-clone}{}
                                    [86]
Overfull \hbox (12.75021pt too wide) in paragraph at lines 6059--6059
 []\T1/zi4/m/n/9 if (requireNamespace("mlr3proba", quietly = TRUE) && requireNamespace("np", quietly = TRUE)) { 
 []

[87]pdfTeX warning (ext4): destination with the same identifier (name{method-new}) has been already used, duplicate ignored
<to be read again> 
                   \relax 
l.6132 \hypertarget{method-new}{}
                                 pdfTeX warning (ext4): destination with the same identifier (name{method-clone}) has been already used, duplicate ignored
<to be read again> 
                   \relax 
l.6147 \hypertarget{method-clone}{}
                                    [88]
Overfull \hbox (12.75021pt too wide) in paragraph at lines 6202--6202
 []\T1/zi4/m/n/9 if (requireNamespace("mlr3proba", quietly = TRUE) && requireNamespace("sm", quietly = TRUE)) { 
 []

[89]pdfTeX warning (ext4): destination with the same identifier (name{method-new}) has been already used, duplicate ignored
<to be read again> 
                   \relax 
l.6276 \hypertarget{method-new}{}
                                 pdfTeX warning (ext4): destination with the same identifier (name{method-clone}) has been already used, duplicate ignored
<to be read again> 
                   \relax 
l.6291 \hypertarget{method-clone}{}
                                    [90]
Overfull \hbox (48.75021pt too wide) in paragraph at lines 6345--6345
 []\T1/zi4/m/n/9 if (requireNamespace("mlr3proba", quietly = TRUE) && requireNamespace("pendensity", quietly = TRUE)) { 
 []

[91]pdfTeX warning (ext4): destination with the same identifier (name{method-new}) has been already used, duplicate ignored
<to be read again> 
                   \relax 
l.6411 \hypertarget{method-new}{}
                                 pdfTeX warning (ext4): destination with the same identifier (name{method-clone}) has been already used, duplicate ignored
<to be read again> 
                   \relax 
l.6426 \hypertarget{method-clone}{}
                                    [92]
Overfull \hbox (53.25021pt too wide) in paragraph at lines 6480--6480
 []\T1/zi4/m/n/9 if (requireNamespace("mlr3proba", quietly = TRUE) && requireNamespace("plugdensity", quietly = TRUE)) { 
 []

[93]pdfTeX warning (ext4): destination with the same identifier (name{method-new}) has been already used, duplicate ignored
<to be read again> 
                   \relax 
l.6559 \hypertarget{method-new}{}
                                 pdfTeX warning (ext4): destination with the same identifier (name{method-clone}) has been already used, duplicate ignored
<to be read again> 
                   \relax 
l.6574 \hypertarget{method-clone}{}
                                   
Overfull \hbox (6.51689pt too wide) in paragraph at lines 6606--6609
[]\T1/ptm/m/n/10 Gu, Chong, Wang, Jingyuan (2003). ``Pe-nal-ized like-li-hood den-sity es-ti-ma-tion: Di-rect cross-validation
 []

[94]
Overfull \hbox (17.25021pt too wide) in paragraph at lines 6628--6628
 []\T1/zi4/m/n/9 if (requireNamespace("mlr3proba", quietly = TRUE) && requireNamespace("gss", quietly = TRUE)) { 
 []

[95]
Overfull \hbox (26.15855pt too wide) in paragraph at lines 6711--6714
\T1/ptm/m/n/10 and there-fore the off-set pa-ram-e-ter in \T1/zi4/m/n/10 dbarts:::predict.bart \T1/ptm/m/n/10 is ir-rel-e-vant for \T1/zi4/m/n/10 dbarts::dbart\T1/ptm/m/n/10 . 
 []

[96]pdfTeX warning (ext4): destination with the same identifier (name{method-new}) has been already used, duplicate ignored
<to be read again> 
                   \relax 
l.6748 \hypertarget{method-new}{}
                                 pdfTeX warning (ext4): destination with the same identifier (name{method-clone}) has been already used, duplicate ignored
<to be read again> 
                   \relax 
l.6763 \hypertarget{method-clone}{}
                                    [97]
Overfull \hbox (282.46742pt too wide) in alignment at lines 6923--6923
 [] [] [] [] [] 
 []

[98]
Underfull \vbox (badness 1454) has occurred while \output is active []

 [99]pdfTeX warning (ext4): destination with the same identifier (name{method-new}) has been already used, duplicate ignored
<to be read again> 
                   \relax 
l.6997 \hypertarget{method-new}{}
                                 pdfTeX warning (ext4): destination with the same identifier (name{method-importance}) has been already used, duplicate ignored
<to be read again> 
                   \relax 
l.7012 \hypertarget{method-importance}{}
                                        
Overfull \hbox (45.01614pt too wide) in paragraph at lines 7014--7019
[]\T1/ptm/b/n/10 Method \T1/zi4/m/n/10 importance()\T1/ptm/b/n/10 :  \T1/ptm/m/n/10 The im-por-tance scores are cal-cu-lated us-ing [][]\T1/zi4/m/n/10 catboost.get_feature_importance[][][]\T1/ptm/m/n/10 ,
 []

pdfTeX warning (ext4): destination with the same identifier (name{method-clone}) has been already used, duplicate ignored
<to be read again> 
                   \relax 
l.7034 \hypertarget{method-clone}{}
                                    [100] [101]
Overfull \hbox (39.33945pt too wide) in alignment at lines 7178--7178
 [] [] [] [] [] 
 []

[102]pdfTeX warning (ext4): destination with the same identifier (name{method-new}) has been already used, duplicate ignored
<to be read again> 
                   \relax 
l.7219 \hypertarget{method-new}{}
                                 pdfTeX warning (ext4): destination with the same identifier (name{method-oob_error}) has been already used, duplicate ignored
<to be read again> 
                   \relax 
l.7234 \hypertarget{method-oob_error}{}
                                       
Overfull \hbox (9.5952pt too wide) in paragraph at lines 7236--7240
[]\T1/ptm/b/n/10 Method \T1/zi4/m/n/10 oob_error()\T1/ptm/b/n/10 :  \T1/ptm/m/n/10 The out-of-bag er-ror, cal-cu-lated us-ing the OOB pre-dic-tions from \T1/zi4/m/n/10 partykit\T1/ptm/m/n/10 . 
 []

pdfTeX warning (ext4): destination with the same identifier (name{method-clone}) has been already used, duplicate ignored
<to be read again> 
                   \relax 
l.7255 \hypertarget{method-clone}{}
                                    [103]
Overfull \hbox (225.73488pt too wide) in paragraph at lines 7315--7315
 []\T1/zi4/m/n/9 if (requireNamespace("partykit", quietly = TRUE) && requireNamespace("sandwich", quietly = TRUE) && requireNamespace("coin", quietly = TRUE)) { 
 []

[104]
Overfull \hbox (27.94917pt too wide) in alignment at lines 7396--7396
 [] [] [] [] [] 
 []

[105]pdfTeX warning (ext4): destination with the same identifier (name{method-new}) has been already used, duplicate ignored
<to be read again> 
                   \relax 
l.7418 \hypertarget{method-new}{}
                                 pdfTeX warning (ext4): destination with the same identifier (name{method-clone}) has been already used, duplicate ignored
<to be read again> 
                   \relax 
l.7433 \hypertarget{method-clone}{}
                                    [106]
Overfull \hbox (225.73488pt too wide) in paragraph at lines 7493--7493
 []\T1/zi4/m/n/9 if (requireNamespace("partykit", quietly = TRUE) && requireNamespace("sandwich", quietly = TRUE) && requireNamespace("coin", quietly = TRUE)) { 
 []

[107]pdfTeX warning (ext4): destination with the same identifier (name{method-new}) has been already used, duplicate ignored
<to be read again> 
                   \relax 
l.7566 \hypertarget{method-new}{}
                                 pdfTeX warning (ext4): destination with the same identifier (name{method-clone}) has been already used, duplicate ignored
<to be read again> 
                   \relax 
l.7581 \hypertarget{method-clone}{}
                                    [108] [109]
Overfull \hbox (87.1206pt too wide) in alignment at lines 7720--7720
 [] [] [] [] [] 
 []

[110]pdfTeX warning (ext4): destination with the same identifier (name{method-new}) has been already used, duplicate ignored
<to be read again> 
                   \relax 
l.7742 \hypertarget{method-new}{}
                                 pdfTeX warning (ext4): destination with the same identifier (name{method-clone}) has been already used, duplicate ignored
<to be read again> 
                   \relax 
l.7757 \hypertarget{method-clone}{}
                                    [111] [112]pdfTeX warning (ext4): destination with the same identifier (name{method-new}) has been already used, duplicate ignored
<to be read again> 
                   \relax 
l.7893 \hypertarget{method-new}{}
                                 pdfTeX warning (ext4): destination with the same identifier (name{method-clone}) has been already used, duplicate ignored
<to be read again> 
                   \relax 
l.7908 \hypertarget{method-clone}{}
                                    [113]pdfTeX warning (ext4): destination with the same identifier (name{method-new}) has been already used, duplicate ignored
<to be read again> 
                   \relax 
l.8029 \hypertarget{method-new}{}
                                  [114]pdfTeX warning (ext4): destination with the same identifier (name{method-clone}) has been already used, duplicate ignored
<to be read again> 
                   \relax 
l.8044 \hypertarget{method-clone}{}
                                    [115]
Overfull \hbox (72.76088pt too wide) in alignment at lines 8188--8188
 [] [] [] [] [] 
 []

[116]pdfTeX warning (ext4): destination with the same identifier (name{method-new}) has been already used, duplicate ignored
<to be read again> 
                   \relax 
l.8210 \hypertarget{method-new}{}
                                 pdfTeX warning (ext4): destination with the same identifier (name{method-clone}) has been already used, duplicate ignored
<to be read again> 
                   \relax 
l.8225 \hypertarget{method-clone}{}
                                    [117]
Overfull \hbox (160.21823pt too wide) in alignment at lines 8324--8324
 [] [] [] [] [] 
 []

[118]pdfTeX warning (ext4): destination with the same identifier (name{method-new}) has been already used, duplicate ignored
<to be read again> 
                   \relax 
l.8346 \hypertarget{method-new}{}
                                 pdfTeX warning (ext4): destination with the same identifier (name{method-clone}) has been already used, duplicate ignored
<to be read again> 
                   \relax 
l.8361 \hypertarget{method-clone}{}
                                    [119] [120]
Overfull \hbox (141.29771pt too wide) in alignment at lines 8478--8478
 [] [] [] [] [] 
 []

pdfTeX warning (ext4): destination with the same identifier (name{method-new}) has been already used, duplicate ignored
<to be read again> 
                   \relax 
l.8500 \hypertarget{method-new}{}
                                 pdfTeX warning (ext4): destination with the same identifier (name{method-clone}) has been already used, duplicate ignored
<to be read again> 
                   \relax 
l.8515 \hypertarget{method-clone}{}
                                    [121] [122]pdfTeX warning (ext4): destination with the same identifier (name{method-new}) has been already used, duplicate ignored
<to be read again> 
                   \relax 
l.8675 \hypertarget{method-new}{}
                                  [123]pdfTeX warning (ext4): destination with the same identifier (name{method-importance}) has been already used, duplicate ignored
<to be read again> 
                   \relax 
l.8690 \hypertarget{method-importance}{}
                                        pdfTeX warning (ext4): destination with the same identifier (name{method-clone}) has been already used, duplicate ignored
<to be read again> 
                   \relax 
l.8711 \hypertarget{method-clone}{}
                                    [124]
Overfull \hbox (61.78981pt too wide) in alignment at lines 8829--8829
 [] [] [] [] [] 
 []

[125]pdfTeX warning (ext4): destination with the same identifier (name{method-new}) has been already used, duplicate ignored
<to be read again> 
                   \relax 
l.8869 \hypertarget{method-new}{}
                                 pdfTeX warning (ext4): destination with the same identifier (name{method-clone}) has been already used, duplicate ignored
<to be read again> 
                   \relax 
l.8884 \hypertarget{method-clone}{}
                                    [126] [127]
Overfull \hbox (160.21823pt too wide) in alignment at lines 9015--9015
 [] [] [] [] [] 
 []

pdfTeX warning (ext4): destination with the same identifier (name{method-new}) has been already used, duplicate ignored
<to be read again> 
                   \relax 
l.9037 \hypertarget{method-new}{}
                                 pdfTeX warning (ext4): destination with the same identifier (name{method-clone}) has been already used, duplicate ignored
<to be read again> 
                   \relax 
l.9052 \hypertarget{method-clone}{}
                                    [128] [129]
Overfull \hbox (54.37155pt too wide) in alignment at lines 9163--9163
 [] [] [] [] [] 
 []

[130]pdfTeX warning (ext4): destination with the same identifier (name{method-new}) has been already used, duplicate ignored
<to be read again> 
                   \relax 
l.9224 \hypertarget{method-new}{}
                                 pdfTeX warning (ext4): destination with the same identifier (name{method-clone}) has been already used, duplicate ignored
<to be read again> 
                   \relax 
l.9239 \hypertarget{method-clone}{}
                                    [131]
Overfull \hbox (28.24008pt too wide) in alignment at lines 9352--9352
 [] [] [] [] [] 
 []

[132]pdfTeX warning (ext4): destination with the same identifier (name{method-new}) has been already used, duplicate ignored
<to be read again> 
                   \relax 
l.9374 \hypertarget{method-new}{}
                                 pdfTeX warning (ext4): destination with the same identifier (name{method-clone}) has been already used, duplicate ignored
<to be read again> 
                   \relax 
l.9389 \hypertarget{method-clone}{}
                                    [133] [134]
Overfull \hbox (6.35817pt too wide) in paragraph at lines 9518--9521
[]\T1/ptm/m/n/10 Reason for change: \T1/zi4/m/n/10 svr_eps \T1/ptm/m/n/10 is type de-pen-dent and the "type" is han-dled by the mlr3learner.
 []

pdfTeX warning (ext4): destination with the same identifier (name{method-new}) has been already used, duplicate ignored
<to be read again> 
                   \relax 
l.9548 \hypertarget{method-new}{}
                                 pdfTeX warning (ext4): destination with the same identifier (name{method-clone}) has been already used, duplicate ignored
<to be read again> 
                   \relax 
l.9563 \hypertarget{method-clone}{}
                                    [135] [136]
Overfull \hbox (291.09761pt too wide) in alignment at lines 9772--9772
 [] [] [] [] [] 
 []

[137] [138] [139]pdfTeX warning (ext4): destination with the same identifier (name{method-new}) has been already used, duplicate ignored
<to be read again> 
                   \relax 
l.9829 \hypertarget{method-new}{}
                                 pdfTeX warning (ext4): destination with the same identifier (name{method-importance}) has been already used, duplicate ignored
<to be read again> 
                   \relax 
l.9844 \hypertarget{method-importance}{}
                                        pdfTeX warning (ext4): destination with the same identifier (name{method-clone}) has been already used, duplicate ignored
<to be read again> 
                   \relax 
l.9864 \hypertarget{method-clone}{}
                                    [140] [141]pdfTeX warning (ext4): destination with the same identifier (name{method-new}) has been already used, duplicate ignored
<to be read again> 
                   \relax 
l.10033 \hypertarget{method-new}{}
                                  pdfTeX warning (ext4): destination with the same identifier (name{method-clone}) has been already used, duplicate ignored
<to be read again> 
                   \relax 
l.10048 \hypertarget{method-clone}{}
                                     [142] [143]pdfTeX warning (ext4): destination with the same identifier (name{method-new}) has been already used, duplicate ignored
<to be read again> 
                   \relax 
l.10175 \hypertarget{method-new}{}
                                  pdfTeX warning (ext4): destination with the same identifier (name{method-clone}) has been already used, duplicate ignored
<to be read again> 
                   \relax 
l.10190 \hypertarget{method-clone}{}
                                     [144] [145]pdfTeX warning (ext4): destination with the same identifier (name{method-new}) has been already used, duplicate ignored
<to be read again> 
                   \relax 
l.10342 \hypertarget{method-new}{}
                                   [146]pdfTeX warning (ext4): destination with the same identifier (name{method-clone}) has been already used, duplicate ignored
<to be read again> 
                   \relax 
l.10357 \hypertarget{method-clone}{}
                                    
Overfull \hbox (225.73488pt too wide) in paragraph at lines 10417--10417
 []\T1/zi4/m/n/9 if (requireNamespace("partykit", quietly = TRUE) && requireNamespace("sandwich", quietly = TRUE) && requireNamespace("coin", quietly = TRUE)) { 
 []

[147] [148]pdfTeX warning (ext4): destination with the same identifier (name{method-new}) has been already used, duplicate ignored
<to be read again> 
                   \relax 
l.10501 \hypertarget{method-new}{}
                                  pdfTeX warning (ext4): destination with the same identifier (name{method-importance}) has been already used, duplicate ignored
<to be read again> 
                   \relax 
l.10516 \hypertarget{method-importance}{}
                                         pdfTeX warning (ext4): destination with the same identifier (name{method-oob_error}) has been already used, duplicate ignored
<to be read again> 
                   \relax 
l.10537 \hypertarget{method-oob_error}{}
                                        pdfTeX warning (ext4): destination with the same identifier (name{method-clone}) has been already used, duplicate ignored
<to be read again> 
                   \relax 
l.10557 \hypertarget{method-clone}{}
                                     [149] [150]
Overfull \hbox (7.59027pt too wide) in paragraph at lines 10708--10711
\T1/ptm/m/n/10 as \T1/zi4/m/n/10 mtry = max(ceiling(mtry.ratio * n_features),1)\T1/ptm/m/n/10 . Note that \T1/zi4/m/n/10 mtry \T1/ptm/m/n/10 and \T1/zi4/m/n/10 mtry.ratio
 []

[151]
Overfull \hbox (9.99808pt too wide) in paragraph at lines 10717--10720
[]\T1/ptm/m/n/10 This hy-per-pa-ram-e-ter can al-ter-na-tively be set via the added hy-per-pa-ram-e-ter \T1/zi4/m/n/10 sampsize.ratio
 []

pdfTeX warning (ext4): destination with the same identifier (name{method-new}) has been already used, duplicate ignored
<to be read again> 
                   \relax 
l.10750 \hypertarget{method-new}{}
                                  pdfTeX warning (ext4): destination with the same identifier (name{method-importance}) has been already used, duplicate ignored
<to be read again> 
                   \relax 
l.10765 \hypertarget{method-importance}{}
                                         pdfTeX warning (ext4): destination with the same identifier (name{method-selected_features}) has been already used, duplicate ignored
<to be read again> 
                   \relax 
l.10785 \hypertarget{method-selected_features}{}
                                                pdfTeX warning (ext4): destination with the same identifier (name{method-oob_error}) has been already used, duplicate ignored
<to be read again> 
                   \relax 
l.10805 \hypertarget{method-oob_error}{}
                                        pdfTeX warning (ext4): destination with the same identifier (name{method-clone}) has been already used, duplicate ignored
<to be read again> 
                   \relax 
l.10825 \hypertarget{method-clone}{}
                                     [152] [153]
Overfull \hbox (183.53783pt too wide) in alignment at lines 10949--10949
 [] [] [] [] [] 
 []

[154]pdfTeX warning (ext4): destination with the same identifier (name{method-new}) has been already used, duplicate ignored
<to be read again> 
                   \relax 
l.10971 \hypertarget{method-new}{}
                                  pdfTeX warning (ext4): destination with the same identifier (name{method-clone}) has been already used, duplicate ignored
<to be read again> 
                   \relax 
l.10986 \hypertarget{method-clone}{}
                                     [155]pdfTeX warning (ext4): destination with the same identifier (name{method-new}) has been already used, duplicate ignored
<to be read again> 
                   \relax 
l.11107 \hypertarget{method-new}{}
                                  pdfTeX warning (ext4): destination with the same identifier (name{method-clone}) has been already used, duplicate ignored
<to be read again> 
                   \relax 
l.11122 \hypertarget{method-clone}{}
                                     [156]
Overfull \hbox (266.23488pt too wide) in paragraph at lines 11176--11176
 []\T1/zi4/m/n/9 if (requireNamespace("mlr3proba", quietly = TRUE) && requireNamespace("survivalmodels", quietly = TRUE) && requireNamespace("distr6", quietly = TRUE)) { 
 []

[157]
Overfull \hbox (87.47937pt too wide) in alignment at lines 11264--11264
 [] [] [] [] [] 
 []

[158]pdfTeX warning (ext4): destination with the same identifier (name{method-new}) has been already used, duplicate ignored
<to be read again> 
                   \relax 
l.11286 \hypertarget{method-new}{}
                                  pdfTeX warning (ext4): destination with the same identifier (name{method-clone}) has been already used, duplicate ignored
<to be read again> 
                   \relax 
l.11301 \hypertarget{method-clone}{}
                                     [159]
Overfull \hbox (230.23488pt too wide) in paragraph at lines 11355--11355
 []\T1/zi4/m/n/9 if (requireNamespace("mlr3proba", quietly = TRUE) && requireNamespace("mboost", quietly = TRUE) && requireNamespace("pracma", quietly = TRUE)) { 
 []


Overfull \hbox (52.16849pt too wide) in alignment at lines 11444--11444
 [] [] [] [] [] 
 []

[160] [161]pdfTeX warning (ext4): destination with the same identifier (name{method-new}) has been already used, duplicate ignored
<to be read again> 
                   \relax 
l.11484 \hypertarget{method-new}{}
                                  pdfTeX warning (ext4): destination with the same identifier (name{method-clone}) has been already used, duplicate ignored
<to be read again> 
                   \relax 
l.11499 \hypertarget{method-clone}{}
                                     [162]
Overfull \hbox (438.71954pt too wide) in paragraph at lines 11559--11559
 []\T1/zi4/m/n/9 if (requireNamespace("mlr3proba", quietly = TRUE) && requireNamespace("partykit", quietly = TRUE) && requireNamespace("sandwich", quietly = TRUE) && requireNamespace("coin", quietly = TRUE)) { 
 []

[163]pdfTeX warning (ext4): destination with the same identifier (name{method-new}) has been already used, duplicate ignored
<to be read again> 
                   \relax 
l.11645 \hypertarget{method-new}{}
                                  pdfTeX warning (ext4): destination with the same identifier (name{method-clone}) has been already used, duplicate ignored
<to be read again> 
                   \relax 
l.11660 \hypertarget{method-clone}{}
                                     [164]
Overfull \hbox (239.23488pt too wide) in paragraph at lines 11714--11714
 []\T1/zi4/m/n/9 if (requireNamespace("mlr3proba", quietly = TRUE) && requireNamespace("CoxBoost", quietly = TRUE) && requireNamespace("pracma", quietly = TRUE)) { 
 []

[165]
Overfull \hbox (190.90915pt too wide) in alignment at lines 11795--11795
 [] [] [] [] [] 
 []

[166]pdfTeX warning (ext4): destination with the same identifier (name{method-new}) has been already used, duplicate ignored
<to be read again> 
                   \relax 
l.11817 \hypertarget{method-new}{}
                                  pdfTeX warning (ext4): destination with the same identifier (name{method-clone}) has been already used, duplicate ignored
<to be read again> 
                   \relax 
l.11832 \hypertarget{method-clone}{}
                                    
Overfull \hbox (483.71954pt too wide) in paragraph at lines 11886--11886
 []\T1/zi4/m/n/9 if (requireNamespace("mlr3proba", quietly = TRUE) && requireNamespace("survivalmodels", quietly = TRUE) && requireNamespace("distr6", quietly = TRUE) && requireNamespace("reticulate", quietly = TRUE)) { 
 []

[167]
Overfull \hbox (27.94917pt too wide) in alignment at lines 11967--11967
 [] [] [] [] [] 
 []

[168]pdfTeX warning (ext4): destination with the same identifier (name{method-new}) has been already used, duplicate ignored
<to be read again> 
                   \relax 
l.11989 \hypertarget{method-new}{}
                                  pdfTeX warning (ext4): destination with the same identifier (name{method-clone}) has been already used, duplicate ignored
<to be read again> 
                   \relax 
l.12004 \hypertarget{method-clone}{}
                                     [169]
Overfull \hbox (438.71954pt too wide) in paragraph at lines 12064--12064
 []\T1/zi4/m/n/9 if (requireNamespace("mlr3proba", quietly = TRUE) && requireNamespace("partykit", quietly = TRUE) && requireNamespace("coin", quietly = TRUE) && requireNamespace("sandwich", quietly = TRUE)) { 
 []

[170] [171]pdfTeX warning (ext4): destination with the same identifier (name{method-new}) has been already used, duplicate ignored
<to be read again> 
                   \relax 
l.12160 \hypertarget{method-new}{}
                                  pdfTeX warning (ext4): destination with the same identifier (name{method-clone}) has been already used, duplicate ignored
<to be read again> 
                   \relax 
l.12175 \hypertarget{method-clone}{}
                                     [172]
Overfull \hbox (239.23488pt too wide) in paragraph at lines 12229--12229
 []\T1/zi4/m/n/9 if (requireNamespace("mlr3proba", quietly = TRUE) && requireNamespace("CoxBoost", quietly = TRUE) && requireNamespace("pracma", quietly = TRUE)) { 
 []

[173]
Overfull \hbox (182.02954pt too wide) in alignment at lines 12322--12322
 [] [] [] [] [] 
 []

[174]pdfTeX warning (ext4): destination with the same identifier (name{method-new}) has been already used, duplicate ignored
<to be read again> 
                   \relax 
l.12344 \hypertarget{method-new}{}
                                  pdfTeX warning (ext4): destination with the same identifier (name{method-clone}) has been already used, duplicate ignored
<to be read again> 
                   \relax 
l.12359 \hypertarget{method-clone}{}
                                     [175]
Overfull \hbox (483.71954pt too wide) in paragraph at lines 12413--12413
 []\T1/zi4/m/n/9 if (requireNamespace("mlr3proba", quietly = TRUE) && requireNamespace("survivalmodels", quietly = TRUE) && requireNamespace("distr6", quietly = TRUE) && requireNamespace("reticulate", quietly = TRUE)) { 
 []


Overfull \hbox (182.02954pt too wide) in alignment at lines 12489--12489
 [] [] [] [] [] 
 []

[176]pdfTeX warning (ext4): destination with the same identifier (name{method-new}) has been already used, duplicate ignored
<to be read again> 
                   \relax 
l.12511 \hypertarget{method-new}{}
                                  pdfTeX warning (ext4): destination with the same identifier (name{method-clone}) has been already used, duplicate ignored
<to be read again> 
                   \relax 
l.12526 \hypertarget{method-clone}{}
                                     [177]
Overfull \hbox (483.71954pt too wide) in paragraph at lines 12580--12580
 []\T1/zi4/m/n/9 if (requireNamespace("mlr3proba", quietly = TRUE) && requireNamespace("survivalmodels", quietly = TRUE) && requireNamespace("distr6", quietly = TRUE) && requireNamespace("reticulate", quietly = TRUE)) { 
 []

[178]
Overfull \hbox (61.77971pt too wide) in alignment at lines 12662--12662
 [] [] [] [] [] 
 []

[179]pdfTeX warning (ext4): destination with the same identifier (name{method-new}) has been already used, duplicate ignored
<to be read again> 
                   \relax 
l.12702 \hypertarget{method-new}{}
                                  pdfTeX warning (ext4): destination with the same identifier (name{method-clone}) has been already used, duplicate ignored
<to be read again> 
                   \relax 
l.12717 \hypertarget{method-clone}{}
                                     [180]
Overfull \hbox (878.18887pt too wide) in paragraph at lines 12771--12771
 []\T1/zi4/m/n/9 if (requireNamespace("mlr3proba", quietly = TRUE) && requireNamespace("survivalmodels", quietly = TRUE) && requireNamespace("keras", quietly = TRUE) && requireNamespace("pseudo", quietly = TRUE) && requireNamespace("tensorflow", quietly = TRUE) && requireNamespace("distr6", quietly = TRUE)) { 
 []


Overfull \hbox (34.36761pt too wide) in paragraph at lines 12789--12793
[]\T1/ptm/m/n/10 The \T1/zi4/m/n/10 distr \T1/ptm/m/n/10 pre-dic-tion is es-ti-mated us-ing the fit-ted cus-tom dis-tri-bu-tions from [][]\T1/zi4/m/n/10 flexsurv::flexsurvspline()[][][]
 []

[181]pdfTeX warning (ext4): destination with the same identifier (name{method-new}) has been already used, duplicate ignored
<to be read again> 
                   \relax 
l.12883 \hypertarget{method-new}{}
                                   [182]pdfTeX warning (ext4): destination with the same identifier (name{method-clone}) has been already used, duplicate ignored
<to be read again> 
                   \relax 
l.12898 \hypertarget{method-clone}{}
                                    
Overfull \hbox (4.67624pt too wide) in paragraph at lines 12930--12933
[]\T1/ptm/m/n/10 Royston, Patrick, Par-mar, KB M (2002). ``Flex-i-ble para-met-ric proportional-hazards and proportional-
 []


Overfull \hbox (239.23488pt too wide) in paragraph at lines 12952--12952
 []\T1/zi4/m/n/9 if (requireNamespace("mlr3proba", quietly = TRUE) && requireNamespace("flexsurv", quietly = TRUE) && requireNamespace("pracma", quietly = TRUE)) { 
 []

[183]
Overfull \hbox (82.65942pt too wide) in alignment at lines 13035--13035
 [] [] [] [] [] 
 []

[184]
Overfull \hbox (82.65942pt too wide) in alignment at lines 13056--13056
 [] [] [] [] [] 
 []

[185]pdfTeX warning (ext4): destination with the same identifier (name{method-new}) has been already used, duplicate ignored
<to be read again> 
                   \relax 
l.13080 \hypertarget{method-new}{}
                                  pdfTeX warning (ext4): destination with the same identifier (name{method-importance}) has been already used, duplicate ignored
<to be read again> 
                   \relax 
l.13095 \hypertarget{method-importance}{}
                                         
Overfull \hbox (8.9359pt too wide) in paragraph at lines 13097--13101
[]\T1/ptm/b/n/10 Method \T1/zi4/m/n/10 importance()\T1/ptm/b/n/10 :  \T1/ptm/m/n/10 The im-por-tance scores are ex-tracted with the func-tion [][]\T1/zi4/m/n/10 mboost::varimp()[][][]
 []

pdfTeX warning (ext4): destination with the same identifier (name{method-selected_features}) has been already used, duplicate ignored
<to be read again> 
                   \relax 
l.13116 \hypertarget{method-selected_features}{}
                                                
Overfull \hbox (99.53587pt too wide) in paragraph at lines 13118--13123
[]\T1/ptm/b/n/10 Method \T1/zi4/m/n/10 selected_features()\T1/ptm/b/n/10 :  \T1/ptm/m/n/10 Se-lected fea-tures are ex-tracted with the func-tion [][]\T1/zi4/m/n/10 mboost::variable.names.mboost()[][][]\T1/ptm/m/n/10 ,
 []

pdfTeX warning (ext4): destination with the same identifier (name{method-clone}) has been already used, duplicate ignored
<to be read again> 
                   \relax 
l.13138 \hypertarget{method-clone}{}
                                     [186]
Overfull \hbox (230.23488pt too wide) in paragraph at lines 13192--13192
 []\T1/zi4/m/n/9 if (requireNamespace("mlr3proba", quietly = TRUE) && requireNamespace("mboost", quietly = TRUE) && requireNamespace("pracma", quietly = TRUE)) { 
 []

[187]pdfTeX warning (ext4): destination with the same identifier (name{method-new}) has been already used, duplicate ignored
<to be read again> 
                   \relax 
l.13303 \hypertarget{method-new}{}
                                  pdfTeX warning (ext4): destination with the same identifier (name{method-importance}) has been already used, duplicate ignored
<to be read again> 
                   \relax 
l.13318 \hypertarget{method-importance}{}
                                         
Overfull \hbox (36.11569pt too wide) in paragraph at lines 13320--13323
[]\T1/ptm/b/n/10 Method \T1/zi4/m/n/10 importance()\T1/ptm/b/n/10 :  \T1/ptm/m/n/10 The im-por-tance scores are ex-tracted from the model slot \T1/zi4/m/n/10 variable.importance\T1/ptm/m/n/10 . 
 []

pdfTeX warning (ext4): destination with the same identifier (name{method-clone}) has been already used, duplicate ignored
<to be read again> 
                   \relax 
l.13338 \hypertarget{method-clone}{}
                                     [188]
Overfull \hbox (17.25021pt too wide) in paragraph at lines 13392--13392
 []\T1/zi4/m/n/9 if (requireNamespace("mlr3proba", quietly = TRUE) && requireNamespace("gbm", quietly = TRUE)) { 
 []

[189]
Overfull \hbox (82.65942pt too wide) in alignment at lines 13454--13454
 [] [] [] [] [] 
 []

[190]pdfTeX warning (ext4): destination with the same identifier (name{method-new}) has been already used, duplicate ignored
<to be read again> 
                   \relax 
l.13476 \hypertarget{method-new}{}
                                  
Overfull \hbox (6.71564pt too wide) in paragraph at lines 13488--13494
[]\T1/ptm/m/n/10 description Se-lected fea-tures are ex-tracted with the func-tion [][]\T1/zi4/m/n/10 mboost::variable.names.mboost()[][][]\T1/ptm/m/n/10 ,
 []

pdfTeX warning (ext4): destination with the same identifier (name{method-clone}) has been already used, duplicate ignored
<to be read again> 
                   \relax 
l.13504 \hypertarget{method-clone}{}
                                    
Overfull \hbox (230.23488pt too wide) in paragraph at lines 13558--13558
 []\T1/zi4/m/n/9 if (requireNamespace("mlr3proba", quietly = TRUE) && requireNamespace("mboost", quietly = TRUE) && requireNamespace("pracma", quietly = TRUE)) { 
 []

[191]
Overfull \hbox (182.02954pt too wide) in alignment at lines 13649--13649
 [] [] [] [] [] 
 []

[192] [193]pdfTeX warning (ext4): destination with the same identifier (name{method-new}) has been already used, duplicate ignored
<to be read again> 
                   \relax 
l.13671 \hypertarget{method-new}{}
                                  pdfTeX warning (ext4): destination with the same identifier (name{method-clone}) has been already used, duplicate ignored
<to be read again> 
                   \relax 
l.13686 \hypertarget{method-clone}{}
                                    
Overfull \hbox (483.71954pt too wide) in paragraph at lines 13744--13744
 []\T1/zi4/m/n/9 if (requireNamespace("mlr3proba", quietly = TRUE) && requireNamespace("survivalmodels", quietly = TRUE) && requireNamespace("distr6", quietly = TRUE) && requireNamespace("reticulate", quietly = TRUE)) { 
 []

[194]
Overfull \hbox (82.65942pt too wide) in alignment at lines 13806--13806
 [] [] [] [] [] 
 []

[195]pdfTeX warning (ext4): destination with the same identifier (name{method-new}) has been already used, duplicate ignored
<to be read again> 
                   \relax 
l.13830 \hypertarget{method-new}{}
                                  pdfTeX warning (ext4): destination with the same identifier (name{method-importance}) has been already used, duplicate ignored
<to be read again> 
                   \relax 
l.13845 \hypertarget{method-importance}{}
                                         
Overfull \hbox (8.9359pt too wide) in paragraph at lines 13847--13851
[]\T1/ptm/b/n/10 Method \T1/zi4/m/n/10 importance()\T1/ptm/b/n/10 :  \T1/ptm/m/n/10 The im-por-tance scores are ex-tracted with the func-tion [][]\T1/zi4/m/n/10 mboost::varimp()[][][]
 []

pdfTeX warning (ext4): destination with the same identifier (name{method-selected_features}) has been already used, duplicate ignored
<to be read again> 
                   \relax 
l.13866 \hypertarget{method-selected_features}{}
                                                
Overfull \hbox (99.53587pt too wide) in paragraph at lines 13868--13872
[]\T1/ptm/b/n/10 Method \T1/zi4/m/n/10 selected_features()\T1/ptm/b/n/10 :  \T1/ptm/m/n/10 Se-lected fea-tures are ex-tracted with the func-tion [][]\T1/zi4/m/n/10 mboost::variable.names.mboost()[][][]\T1/ptm/m/n/10 ,
 []

pdfTeX warning (ext4): destination with the same identifier (name{method-clone}) has been already used, duplicate ignored
<to be read again> 
                   \relax 
l.13887 \hypertarget{method-clone}{}
                                     [196]
Overfull \hbox (30.75021pt too wide) in paragraph at lines 13941--13941
 []\T1/zi4/m/n/9 if (requireNamespace("mlr3proba", quietly = TRUE) && requireNamespace("mboost", quietly = TRUE)) { 
 []

[197]pdfTeX warning (ext4): destination with the same identifier (name{method-new}) has been already used, duplicate ignored
<to be read again> 
                   \relax 
l.14004 \hypertarget{method-new}{}
                                  pdfTeX warning (ext4): destination with the same identifier (name{method-clone}) has been already used, duplicate ignored
<to be read again> 
                   \relax 
l.14019 \hypertarget{method-clone}{}
                                    
Overfull \hbox (239.23488pt too wide) in paragraph at lines 14081--14081
 []\T1/zi4/m/n/9 if (requireNamespace("mlr3proba", quietly = TRUE) && requireNamespace("survival", quietly = TRUE) && requireNamespace("pracma", quietly = TRUE)) { 
 []

[198] [199]
Overfull \hbox (7.59027pt too wide) in paragraph at lines 14160--14163
\T1/ptm/m/n/10 as \T1/zi4/m/n/10 mtry = max(ceiling(mtry_ratio * n_features),1)\T1/ptm/m/n/10 . Note that \T1/zi4/m/n/10 mtry \T1/ptm/m/n/10 and \T1/zi4/m/n/10 mtry_ratio
 []

pdfTeX warning (ext4): destination with the same identifier (name{method-new}) has been already used, duplicate ignored
<to be read again> 
                   \relax 
l.14191 \hypertarget{method-new}{}
                                  pdfTeX warning (ext4): destination with the same identifier (name{method-oob_error}) has been already used, duplicate ignored
<to be read again> 
                   \relax 
l.14206 \hypertarget{method-oob_error}{}
                                        
Overfull \hbox (6.18504pt too wide) in paragraph at lines 14208--14212
[]\T1/ptm/b/n/10 Method \T1/zi4/m/n/10 oob_error()\T1/ptm/b/n/10 :  \T1/ptm/m/n/10 In-te-grated brier score OOB er-ror ex-tracted from the model slot \T1/zi4/m/n/10 oob_error\T1/ptm/m/n/10 .
 []

pdfTeX warning (ext4): destination with the same identifier (name{method-clone}) has been already used, duplicate ignored
<to be read again> 
                   \relax 
l.14227 \hypertarget{method-clone}{}
                                     [200]
Overfull \hbox (248.23488pt too wide) in paragraph at lines 14282--14282
 []\T1/zi4/m/n/9 if (requireNamespace("mlr3proba", quietly = TRUE) && requireNamespace("obliqueRSF", quietly = TRUE) && requireNamespace("pracma", quietly = TRUE)) { 
 []

[201] [202]
Overfull \hbox (19.47964pt too wide) in alignment at lines 14384--14384
 [] [] [] [] [] 
 []

pdfTeX warning (ext4): destination with the same identifier (name{method-new}) has been already used, duplicate ignored
<to be read again> 
                   \relax 
l.14406 \hypertarget{method-new}{}
                                  pdfTeX warning (ext4): destination with the same identifier (name{method-clone}) has been already used, duplicate ignored
<to be read again> 
                   \relax 
l.14421 \hypertarget{method-clone}{}
                                     [203]
Overfull \hbox (239.23488pt too wide) in paragraph at lines 14475--14475
 []\T1/zi4/m/n/9 if (requireNamespace("mlr3proba", quietly = TRUE) && requireNamespace("survival", quietly = TRUE) && requireNamespace("pracma", quietly = TRUE)) { 
 []

[204]
Overfull \hbox (182.02954pt too wide) in alignment at lines 14566--14566
 [] [] [] [] [] 
 []

[205]pdfTeX warning (ext4): destination with the same identifier (name{method-new}) has been already used, duplicate ignored
<to be read again> 
                   \relax 
l.14588 \hypertarget{method-new}{}
                                  pdfTeX warning (ext4): destination with the same identifier (name{method-clone}) has been already used, duplicate ignored
<to be read again> 
                   \relax 
l.14603 \hypertarget{method-clone}{}
                                     [206]
Overfull \hbox (483.71954pt too wide) in paragraph at lines 14657--14657
 []\T1/zi4/m/n/9 if (requireNamespace("mlr3proba", quietly = TRUE) && requireNamespace("survivalmodels", quietly = TRUE) && requireNamespace("distr6", quietly = TRUE) && requireNamespace("reticulate", quietly = TRUE)) { 
 []

[207]pdfTeX warning (ext4): destination with the same identifier (name{method-new}) has been already used, duplicate ignored
<to be read again> 
                   \relax 
l.14741 \hypertarget{method-new}{}
                                  pdfTeX warning (ext4): destination with the same identifier (name{method-clone}) has been already used, duplicate ignored
<to be read again> 
                   \relax 
l.14756 \hypertarget{method-clone}{}
                                     [208]
Overfull \hbox (243.73488pt too wide) in paragraph at lines 14810--14810
 []\T1/zi4/m/n/9 if (requireNamespace("mlr3proba", quietly = TRUE) && requireNamespace("penalized", quietly = TRUE) && requireNamespace("pracma", quietly = TRUE)) { 
 []

[209] [210]
Overfull \hbox (7.59027pt too wide) in paragraph at lines 14915--14918
\T1/ptm/m/n/10 as \T1/zi4/m/n/10 mtry = max(ceiling(mtry.ratio * n_features),1)\T1/ptm/m/n/10 . Note that \T1/zi4/m/n/10 mtry \T1/ptm/m/n/10 and \T1/zi4/m/n/10 mtry.ratio
 []


Overfull \hbox (9.99808pt too wide) in paragraph at lines 14924--14927
[]\T1/ptm/m/n/10 This hy-per-pa-ram-e-ter can al-ter-na-tively be set via the added hy-per-pa-ram-e-ter \T1/zi4/m/n/10 sampsize.ratio
 []

pdfTeX warning (ext4): destination with the same identifier (name{method-new}) has been already used, duplicate ignored
<to be read again> 
                   \relax 
l.14957 \hypertarget{method-new}{}
                                  pdfTeX warning (ext4): destination with the same identifier (name{method-importance}) has been already used, duplicate ignored
<to be read again> 
                   \relax 
l.14972 \hypertarget{method-importance}{}
                                         pdfTeX warning (ext4): destination with the same identifier (name{method-selected_features}) has been already used, duplicate ignored
<to be read again> 
                   \relax 
l.14992 \hypertarget{method-selected_features}{}
                                                 [211]pdfTeX warning (ext4): destination with the same identifier (name{method-oob_error}) has been already used, duplicate ignored
<to be read again> 
                   \relax 
l.15012 \hypertarget{method-oob_error}{}
                                        pdfTeX warning (ext4): destination with the same identifier (name{method-clone}) has been already used, duplicate ignored
<to be read again> 
                   \relax 
l.15032 \hypertarget{method-clone}{}
                                    
Overfull \hbox (270.73488pt too wide) in paragraph at lines 15092--15092
 []\T1/zi4/m/n/9 if (requireNamespace("mlr3proba", quietly = TRUE) && requireNamespace("randomForestSRC", quietly = TRUE) && requireNamespace("pracma", quietly = TRUE)) { 
 []

[212] [213]pdfTeX warning (ext4): destination with the same identifier (name{method-new}) has been already used, duplicate ignored
<to be read again> 
                   \relax 
l.15181 \hypertarget{method-new}{}
                                  pdfTeX warning (ext4): destination with the same identifier (name{method-clone}) has been already used, duplicate ignored
<to be read again> 
                   \relax 
l.15196 \hypertarget{method-clone}{}
                                     [214]
Overfull \hbox (53.25021pt too wide) in paragraph at lines 15259--15259
 []\T1/zi4/m/n/9 if (requireNamespace("mlr3proba", quietly = TRUE) && requireNamespace("survivalsvm", quietly = TRUE)) { 
 []

(./Rd2.ind [215]

LaTeX Font Warning: Font shape `T1/zi4/m/it' undefined
(Font)              using `T1/zi4/m/n' instead on input line 323.


Overfull \hbox (15.01662pt too wide) in paragraph at lines 323--325
\T1/ptm/m/it/10 (\T1/zi4/m/n/10 mlr_learners_classif.AdaBoostM1\T1/ptm/m/it/10 )\T1/ptm/m/n/10 , 
 []

LaTeX Font Info:    Font shape `T1/zi4/m/it' will be
(Font)              scaled to size 10.0pt on input line 325.

Overfull \hbox (5.01662pt too wide) in paragraph at lines 329--331
\T1/ptm/m/it/10 (\T1/zi4/m/it/10 mlr_learners_classif.catboost\T1/ptm/m/it/10 )\T1/ptm/m/n/10 , 
 []

[216

]
Overfull \hbox (15.01662pt too wide) in paragraph at lines 337--339
\T1/ptm/m/it/10 (\T1/zi4/m/it/10 mlr_learners_classif.extratrees\T1/ptm/m/it/10 )\T1/ptm/m/n/10 , 
 []


Overfull \hbox (5.01662pt too wide) in paragraph at lines 343--345
\T1/ptm/m/it/10 (\T1/zi4/m/it/10 mlr_learners_classif.gamboost\T1/ptm/m/it/10 )\T1/ptm/m/n/10 , 
 []


Overfull \hbox (5.01662pt too wide) in paragraph at lines 349--351
\T1/ptm/m/it/10 (\T1/zi4/m/it/10 mlr_learners_classif.glmboost\T1/ptm/m/it/10 )\T1/ptm/m/n/10 , 
 []


Overfull \hbox (10.01662pt too wide) in paragraph at lines 359--361
\T1/ptm/m/it/10 (\T1/zi4/m/it/10 mlr_learners_classif.liblinear\T1/ptm/m/it/10 )\T1/ptm/m/n/10 , 
 []


Overfull \hbox (5.01662pt too wide) in paragraph at lines 361--363
\T1/ptm/m/it/10 (\T1/zi4/m/it/10 mlr_learners_classif.lightgbm\T1/ptm/m/it/10 )\T1/ptm/m/n/10 , 
 []


Overfull \hbox (25.01662pt too wide) in paragraph at lines 373--375
\T1/ptm/m/it/10 (\T1/zi4/m/it/10 mlr_learners_classif.randomForest\T1/ptm/m/it/10 )\T1/ptm/m/n/10 , 
 []

[217]
Overfull \hbox (10.01662pt too wide) in paragraph at lines 437--439
\T1/ptm/m/it/10 (\T1/zi4/m/it/10 mlr_learners_regr.randomForest\T1/ptm/m/it/10 )\T1/ptm/m/n/10 , 
 []


Overfull \hbox (5.01662pt too wide) in paragraph at lines 539--541
\T1/ptm/m/it/10 (\T1/zi4/m/it/10 mlr_learners_surv.cv_coxboost\T1/ptm/m/it/10 )\T1/ptm/m/n/10 , 
 []

[218]
Underfull \vbox (badness 3861) has occurred while \output is active []

 [219] [220] [221

]) (./Rd2.aux)

LaTeX Font Warning: Some font shapes were not available, defaults substituted.

Package rerunfilecheck Info: File `Rd2.out' has not changed.
(rerunfilecheck)             Checksum: B6195ACC16924C43F23648E6316D6A2E;17962.
 ) 
Here is how much of TeX's memory you used:
 10583 strings out of 480313
 166195 string characters out of 5897047
 499232 words of memory out of 5000000
 26730 multiletter control sequences out of 15000+600000
 441172 words of font info for 64 fonts, out of 8000000 for 9000
 14 hyphenation exceptions out of 8191
 77i,6n,79p,621b,717s stack positions out of 5000i,500n,10000p,200000b,80000s
pdfTeX warning (dest): name{Rfn.survivalsvm::survivalsvm} has been referenced but does not exist, replaced by a fixed one

pdfTeX warning (dest): name{Rfn.randomForestSRC::predict.rfsrc\(\)} has been referenced but does not exist, replaced by a fixed one

pdfTeX warning (dest): name{Rfn.penalized::penalized\(\)} has been referenced but does not exist, replaced by a fixed one

pdfTeX warning (dest): name{Rfn.penalized::penalized} has been referenced but does not exist, replaced by a fixed one

pdfTeX warning (dest): name{Rfn.survivalmodels::pchazard} has been referenced but does not exist, replaced by a fixed one

pdfTeX warning (dest): name{Rfn.survival::predict.survreg\(\)} has been referenced but does not exist, replaced by a fixed one

pdfTeX warning (dest): name{Rfn.survival::survreg} has been referenced but does not exist, replaced by a fixed one

pdfTeX warning (dest): name{Rfn.obliqueRSF::ORSF} has been referenced but does not exist, replaced by a fixed one

pdfTeX warning (dest): name{Rfn.survival::survfit} has been referenced but does not exist, replaced by a fixed one

pdfTeX warning (dest): name{Rfn.mboost::mboost} has been referenced but does not exist, replaced by a fixed one

pdfTeX warning (dest): name{Rfn.survivalmodels::loghaz} has been referenced but does not exist, replaced by a fixed one

pdfTeX warning (dest): name{Rfn.mboost::variable.names.mboost\(\)} has been referenced but does not exist, replaced by a fixed one

pdfTeX warning (dest): name{Rfn.mboost::varimp\(\)} has been referenced but does not exist, replaced by a fixed one

pdfTeX warning (dest): name{Rfn.flexsurv::flexsurvspline\(\)} has been referenced but does not exist, replaced by a fixed one

pdfTeX warning (dest): name{Rfn.flexsurv::flexsurvspline} has been referenced but does not exist, replaced by a fixed one

pdfTeX warning (dest): name{Rfn.survivalmodels::build.Rul.keras.Rul.net} has been referenced but does not exist, replaced by a fixed one

pdfTeX warning (dest): name{Rfn.survivalmodels::dnnsurv} has been referenced but does not exist, replaced by a fixed one

pdfTeX warning (dest): name{Rfn.survivalmodels::deepsurv} has been referenced but does not exist, replaced by a fixed one

pdfTeX warning (dest): name{Rfn.survivalmodels::build.Rul.pytorch.Rul.net} has been referenced but does not exist, replaced by a fixed one

pdfTeX warning (dest): name{Rfn.survivalmodels::deephit} has been referenced but does not exist, replaced by a fixed one

pdfTeX warning (dest): name{Rfn.CoxBoost::optimCoxBoostPenalty} has been referenced but does not exist, replaced by a fixed one

pdfTeX warning (dest): name{Rfn.CoxBoost::cv.CoxBoost} has been referenced but does not exist, replaced by a fixed one

pdfTeX warning (dest): name{Rfn.survivalmodels::coxtime} has been referenced but does not exist, replaced by a fixed one

pdfTeX warning (dest): name{Rfn.CoxBoost::CoxBoost} has been referenced but does not exist, replaced by a fixed one

pdfTeX warning (dest): name{Rfn.mboost::survFit\(\)} has been referenced but does not exist, replaced by a fixed one

pdfTeX warning (dest): name{Rfn.mboost::blackboost} has been referenced but does not exist, replaced by a fixed one

pdfTeX warning (dest): name{Rfn.mlr3proba::LearnerSurv} has been referenced but does not exist, replaced by a fixed one

pdfTeX warning (dest): name{Rfn.survivalmodels::akritas} has been referenced but does not exist, replaced by a fixed one

pdfTeX warning (dest): name{Rfn.kernlab::rvm} has been referenced but does not exist, replaced by a fixed one

pdfTeX warning (dest): name{Rfn.mda::mars} has been referenced but does not exist, replaced by a fixed one

pdfTeX warning (dest): name{Rfn.RWeka::M5Rules} has been referenced but does not exist, replaced by a fixed one

pdfTeX warning (dest): name{Rfn.mlr.Rul.learners.Rul.classif.log.Rul.reg} has been referenced but does not exist, replaced by a fixed one

pdfTeX warning (dest): name{Rfn.stats::glm} has been referenced but does not exist, replaced by a fixed one

pdfTeX warning (dest): name{Rfn.FNN::knn.reg} has been referenced but does not exist, replaced by a fixed one

pdfTeX warning (dest): name{Rfn.Cubist::cubist} has been referenced but does not exist, replaced by a fixed one

pdfTeX warning (dest): name{Rfn.mlr3::LearnerRegr} has been referenced but does not exist, replaced by a fixed one

pdfTeX warning (dest): name{Rfn.gss::ssden} has been referenced but does not exist, replaced by a fixed one

pdfTeX warning (dest): name{Rfn.plugdensity::plugin.density} has been referenced but does not exist, replaced by a fixed one

pdfTeX warning (dest): name{Rfn.pendensity::pendensity} has been referenced but does not exist, replaced by a fixed one

pdfTeX warning (dest): name{Rfn.sm::sm.density} has been referenced but does not exist, replaced by a fixed one

pdfTeX warning (dest): name{Rfn.np::npudens} has been referenced but does not exist, replaced by a fixed one

pdfTeX warning (dest): name{Rfn.logspline::logspline} has been referenced but does not exist, replaced by a fixed one

pdfTeX warning (dest): name{Rfn.locfit::density.lf} has been referenced but does not exist, replaced by a fixed one

pdfTeX warning (dest): name{Rfn.ks::kde} has been referenced but does not exist, replaced by a fixed one

pdfTeX warning (dest): name{Rfn.mlr3proba::LearnerDens} has been referenced but does not exist, replaced by a fixed one

pdfTeX warning (dest): name{Rfn.kerdiest::kde} has been referenced but does not exist, replaced by a fixed one

pdfTeX warning (dest): name{Rfn.randomForestSRC::rfsrc} has been referenced but does not exist, replaced by a fixed one

pdfTeX warning (dest): name{Rfn.randomForest::randomForest} has been referenced but does not exist, replaced by a fixed one

pdfTeX warning (dest): name{Rfn.RWeka::PART} has been referenced but does not exist, replaced by a fixed one

pdfTeX warning (dest): name{Rfn.RWeka::OneR} has been referenced but does not exist, replaced by a fixed one

pdfTeX warning (dest): name{Rfn.partykit::mob} has been referenced but does not exist, replaced by a fixed one

pdfTeX warning (dest): name{Rfn.kernlab::lssvm} has been referenced but does not exist, replaced by a fixed one

pdfTeX warning (dest): name{Rfn.RWeka::LMT} has been referenced but does not exist, replaced by a fixed one

pdfTeX warning (dest): name{Rfn.lightgbm::lgb.train} has been referenced but does not exist, replaced by a fixed one

pdfTeX warning (dest): name{Rfn.LiblineaR::LiblineaR} has been referenced but does not exist, replaced by a fixed one

pdfTeX warning (dest): name{Rfn.kernlab::ksvm} has been referenced but does not exist, replaced by a fixed one

pdfTeX warning (dest): name{Rfn.RWeka::JRip} has been referenced but does not exist, replaced by a fixed one

pdfTeX warning (dest): name{Rfn.RWeka::J48} has been referenced but does not exist, replaced by a fixed one

pdfTeX warning (dest): name{Rfn.RWeka::IBk} has been referenced but does not exist, replaced by a fixed one

pdfTeX warning (dest): name{Rfn.mboost::glmboost} has been referenced but does not exist, replaced by a fixed one

pdfTeX warning (dest): name{Rfn.gbm::gbm} has been referenced but does not exist, replaced by a fixed one

pdfTeX warning (dest): name{Rfn.kernlab::gausspr} has been referenced but does not exist, replaced by a fixed one

pdfTeX warning (dest): name{Rfn.mboost::gamboost} has been referenced but does not exist, replaced by a fixed one

pdfTeX warning (dest): name{Rfn.mgcv::gam} has been referenced but does not exist, replaced by a fixed one

pdfTeX warning (dest): name{Rfn.FNN::knn} has been referenced but does not exist, replaced by a fixed one

pdfTeX warning (dest): name{Rfn.extraTrees::extraTrees} has been referenced but does not exist, replaced by a fixed one

pdfTeX warning (dest): name{Rfn....} has been referenced but does not exist, replaced by a fixed one

pdfTeX warning (dest): name{Rfn.earth::earth} has been referenced but does not exist, replaced by a fixed one

pdfTeX warning (dest): name{Rfn.partykit::ctree} has been referenced but does not exist, replaced by a fixed one

pdfTeX warning (dest): name{Rfn.partykit::cforest} has been referenced but does not exist, replaced by a fixed one

pdfTeX warning (dest): name{Rfn.catboost.get.Rul.feature.Rul.importance} has been referenced but does not exist, replaced by a fixed one

pdfTeX warning (dest): name{Rfn.catboost::catboost.train} has been referenced but does not exist, replaced by a fixed one

pdfTeX warning (dest): name{Rfn.C50::C5.0} has been referenced but does not exist, replaced by a fixed one

pdfTeX warning (dest): name{Rfn.dbarts::bart} has been referenced but does not exist, replaced by a fixed one

pdfTeX warning (dest): name{Rfn.mlr3::mlr.Rul.learners} has been referenced but does not exist, replaced by a fixed one

pdfTeX warning (dest): name{Rfn.Learners} has been referenced but does not exist, replaced by a fixed one

pdfTeX warning (dest): name{Rfn.Dictionary} has been referenced but does not exist, replaced by a fixed one

pdfTeX warning (dest): name{Rfn.R6} has been referenced but does not exist, replaced by a fixed one

pdfTeX warning (dest): name{Rfn.mlr3::LearnerClassif} has been referenced but does not exist, replaced by a fixed one

pdfTeX warning (dest): name{Rfn.mlr3::Learner} has been referenced but does not exist, replaced by a fixed one

pdfTeX warning (dest): name{Rfn.dictionary} has been referenced but does not exist, replaced by a fixed one

pdfTeX warning (dest): name{Rfn.Learner} has been referenced but does not exist, replaced by a fixed one

pdfTeX warning (dest): name{Rfn.RWeka::AdaBoostM1} has been referenced but does not exist, replaced by a fixed one

pdfTeX warning (dest): name{Rfn.mlr3::lrns} has been referenced but does not exist, replaced by a fixed one

pdfTeX warning (dest): name{Rfn.mlr3::lrn} has been referenced but does not exist, replaced by a fixed one

pdfTeX warning (dest): name{Rfn.data.table::subset} has been referenced but does not exist, replaced by a fixed one

pdfTeX warning (dest): name{Rfn.remotes::install.Rul.github} has been referenced but does not exist, replaced by a fixed one

pdfTeX warning (dest): name{Rfn.utils::install.packages} has been referenced but does not exist, replaced by a fixed one

pdfTeX warning (dest): name{Rfn.mlr.Rul.learners} has been referenced but does not exist, replaced by a fixed one

pdfTeX warning (dest): name{Rfn.remotes::install.Rul.url} has been referenced but does not exist, replaced by a fixed one

{/home/sebi/.TinyTeX/texmf-dist/fonts/enc/dvips/inconsolata/i4-ts1.enc}{/home/sebi/.TinyTeX/texmf-dist/fonts/enc/dvips/base/8r.enc}{/home/sebi/.TinyTeX/texmf-dist/fonts/enc/dvips/inconsolata/i4-t1-0.enc}</home/sebi/.TinyTeX/texmf-dist/fonts/type1/public/inconsolata/Inconsolata-zi4r.pfb></home/sebi/.TinyTeX/texmf-dist/fonts/type1/public/amsfonts/cm/cmmi10.pfb></home/sebi/.TinyTeX/texmf-dist/fonts/type1/public/amsfonts/cm/cmmi7.pfb></home/sebi/.TinyTeX/texmf-dist/fonts/type1/public/amsfonts/cm/cmr10.pfb></home/sebi/.TinyTeX/texmf-dist/fonts/type1/public/amsfonts/cm/cmr7.pfb></home/sebi/.TinyTeX/texmf-dist/fonts/type1/public/amsfonts/cm/cmsy10.pfb></home/sebi/.TinyTeX/texmf-dist/fonts/type1/urw/helvetic/uhvr8a.pfb></home/sebi/.TinyTeX/texmf-dist/fonts/type1/urw/times/utmb8a.pfb></home/sebi/.TinyTeX/texmf-dist/fonts/type1/urw/times/utmr8a.pfb></home/sebi/.TinyTeX/texmf-dist/fonts/type1/urw/times/utmr8a.pfb></home/sebi/.TinyTeX/texmf-dist/fonts/type1/urw/times/utmri8a.pfb>
Output written on Rd2.pdf (221 pages, 645239 bytes).
PDF statistics:
 6514 PDF objects out of 7423 (max. 8388607)
 6205 compressed objects within 63 object streams
 1584 named destinations out of 1728 (max. 500000)
 721 words of extra memory for PDF output out of 10000 (max. 10000000)

